Release 14.7 Map P.20131013 (lin64)
Xilinx Mapping Report File for Design 'A_16bits_RF_plus_ALU'

Design Information
------------------
Command Line   : map -intstyle ise -p xc6vlx75t-ff484-1 -w -logic_opt off -ol
high -t 1 -xt 0 -register_duplication off -r 4 -global_opt off -mt off -ir off
-pr off -lc off -power off -o A_16bits_RF_plus_ALU_map.ncd
A_16bits_RF_plus_ALU.ngd A_16bits_RF_plus_ALU.pcf 
Target Device  : xc6vlx75t
Target Package : ff484
Target Speed   : -1
Mapper Version : virtex6 -- $Revision: 1.55 $
Mapped Date    : Tue Mar 25 05:44:21 2025

Design Summary
--------------
Number of errors:      0
Number of warnings:    0
Slice Logic Utilization:
  Number of Slice Registers:                   176 out of  93,120    1%
    Number used as Flip Flops:                 176
    Number used as Latches:                      0
    Number used as Latch-thrus:                  0
    Number used as AND/OR logics:                0
  Number of Slice LUTs:                        351 out of  46,560    1%
    Number used as logic:                      351 out of  46,560    1%
      Number using O6 output only:             351
      Number using O5 output only:               0
      Number using O5 and O6:                    0
      Number used as ROM:                        0
    Number used as Memory:                       0 out of  16,720    0%
    Number used exclusively as route-thrus:      0

Slice Logic Distribution:
  Number of occupied Slices:                   163 out of  11,640    1%
  Number of LUT Flip Flop pairs used:          408
    Number with an unused Flip Flop:           232 out of     408   56%
    Number with an unused LUT:                  57 out of     408   13%
    Number of fully used LUT-FF pairs:         119 out of     408   29%
    Number of unique control sets:              11
    Number of slice register sites lost
      to control set restrictions:               0 out of  93,120    0%

  A LUT Flip Flop pair for this architecture represents one LUT paired with
  one Flip Flop within a slice.  A control set is a unique combination of
  clock, reset, set, and enable signals for a registered element.
  The Slice Logic Distribution report is not meaningful if the design is
  over-mapped for a non-slice resource or if Placement fails.
  OVERMAPPING of BRAM resources should be ignored if the design is
  over-mapped for a non-BRAM resource or if placement fails.

IO Utilization:
  Number of bonded IOBs:                        97 out of     240   40%

Specific Feature Utilization:
  Number of RAMB36E1/FIFO36E1s:                  0 out of     156    0%
  Number of RAMB18E1/FIFO18E1s:                  0 out of     312    0%
  Number of BUFG/BUFGCTRLs:                      1 out of      32    3%
    Number used as BUFGs:                        1
    Number used as BUFGCTRLs:                    0
  Number of ILOGICE1/ISERDESE1s:                 0 out of     360    0%
  Number of OLOGICE1/OSERDESE1s:                 0 out of     360    0%
  Number of BSCANs:                              0 out of       4    0%
  Number of BUFHCEs:                             0 out of      72    0%
  Number of BUFIODQSs:                           0 out of      36    0%
  Number of BUFRs:                               0 out of      18    0%
  Number of CAPTUREs:                            0 out of       1    0%
  Number of DSP48E1s:                            0 out of     288    0%
  Number of EFUSE_USRs:                          0 out of       1    0%
  Number of FRAME_ECCs:                          0 out of       1    0%
  Number of GTXE1s:                              0 out of       8    0%
  Number of IBUFDS_GTXE1s:                       0 out of       6    0%
  Number of ICAPs:                               0 out of       2    0%
  Number of IDELAYCTRLs:                         0 out of       9    0%
  Number of IODELAYE1s:                          0 out of     360    0%
  Number of MMCM_ADVs:                           0 out of       6    0%
  Number of PCIE_2_0s:                           0 out of       1    0%
  Number of STARTUPs:                            1 out of       1  100%
  Number of SYSMONs:                             0 out of       1    0%
  Number of TEMAC_SINGLEs:                       0 out of       4    0%

Average Fanout of Non-Clock Nets:                3.23

Peak Memory Usage:  1022 MB
Total REAL time to MAP completion:  12 secs 
Total CPU time to MAP completion:   10 secs 

Table of Contents
-----------------
Section 1 - Errors
Section 2 - Warnings
Section 3 - Informational
Section 4 - Removed Logic Summary
Section 5 - Removed Logic
Section 6 - IOB Properties
Section 7 - RPMs
Section 8 - Guide Report
Section 9 - Area Group and Partition Summary
Section 10 - Timing Report
Section 11 - Configuration String Information
Section 12 - Control Set Information
Section 13 - Utilization by Hierarchy

Section 1 - Errors
------------------

Section 2 - Warnings
--------------------
WARNING:Security:42 - Your software subscription period has lapsed. Your current
version of Xilinx tools will continue to function, but you no longer qualify for
Xilinx software updates or new releases.

Section 3 - Informational
-------------------------
INFO:Security:54 - 'xc6vlx75t' is a WebPack part.
INFO:LIT:243 - Logical network Instr<15> has no load.
INFO:LIT:395 - The above info message is repeated 7 more times for the following
   (max. 5 shown):
   Instr<14>,
   Instr<13>,
   Instr<12>,
   Instr<11>,
   Instr<10>
   To see the details of these info messages, please use the -detail switch.
INFO:MapLib:562 - No environment variables are currently set.
INFO:LIT:244 - All of the single ended outputs in this design are using slew
   rate limited output drivers. The delay on speed critical single ended outputs
   can be dramatically reduced by designating them as fast outputs.
INFO:Pack:1716 - Initializing temperature to 85.000 Celsius. (default - Range:
   0.000 to 85.000 Celsius)
INFO:Pack:1720 - Initializing voltage to 0.950 Volts. (default - Range: 0.950 to
   1.050 Volts)
INFO:Map:215 - The Interim Design Summary has been generated in the MAP Report
   (.mrp).
INFO:Pack:1650 - Map created a placed design.

Section 4 - Removed Logic Summary
---------------------------------
  18 block(s) removed
  72 block(s) optimized away
   2 signal(s) removed

Section 5 - Removed Logic
-------------------------

The trimmed logic report below shows the logic removed from your design due to
sourceless or loadless signals, and VCC or ground connections.  If the removal
of a signal or symbol results in the subsequent removal of an additional signal
or symbol, the message explaining that second removal will be indented.  This
indentation will be repeated as a chain of related logic is removed.

To quickly locate the original cause for the removal of a chain of logic, look
above the place where that logic is listed in the trimming report, then locate
the lines that are least indented (begin at the leftmost edge).

Loadless block "ALU/For_B2s/FA_0/XLXI_6" (XOR) removed.
Loadless block "ALU/For_B2s/FA_1/XLXI_6" (XOR) removed.
Loadless block "ALU/For_B2s/FA_10/XLXI_6" (XOR) removed.
Loadless block "ALU/For_B2s/FA_11/XLXI_6" (XOR) removed.
Loadless block "ALU/For_B2s/FA_12/XLXI_6" (XOR) removed.
Loadless block "ALU/For_B2s/FA_13/XLXI_6" (XOR) removed.
Loadless block "ALU/For_B2s/FA_14/XLXI_6" (XOR) removed.
Loadless block "ALU/For_B2s/FA_15/XLXI_7" (OR) removed.
 The signal "ALU/For_B2s/FA_15/XLXN_24" is loadless and has been removed.
  Loadless block "ALU/For_B2s/FA_15/XLXI_8" (AND) removed.
 The signal "ALU/For_B2s/FA_15/XLXN_23" is loadless and has been removed.
  Loadless block "ALU/For_B2s/FA_15/XLXI_9" (AND) removed.
Loadless block "ALU/For_B2s/FA_2/XLXI_6" (XOR) removed.
Loadless block "ALU/For_B2s/FA_3/XLXI_6" (XOR) removed.
Loadless block "ALU/For_B2s/FA_4/XLXI_6" (XOR) removed.
Loadless block "ALU/For_B2s/FA_5/XLXI_6" (XOR) removed.
Loadless block "ALU/For_B2s/FA_6/XLXI_6" (XOR) removed.
Loadless block "ALU/For_B2s/FA_7/XLXI_6" (XOR) removed.
Loadless block "ALU/For_B2s/FA_8/XLXI_6" (XOR) removed.
Loadless block "ALU/For_B2s/FA_9/XLXI_6" (XOR) removed.

Optimized Block(s):
TYPE 		BLOCK
AND2 		ALU/For_B2s/FA_0/XLXI_8
AND2 		ALU/For_B2s/FA_1/XLXI_8
AND2 		ALU/For_B2s/FA_10/XLXI_8
AND2 		ALU/For_B2s/FA_11/XLXI_8
AND2 		ALU/For_B2s/FA_12/XLXI_8
AND2 		ALU/For_B2s/FA_13/XLXI_8
AND2 		ALU/For_B2s/FA_14/XLXI_8
AND2 		ALU/For_B2s/FA_2/XLXI_8
AND2 		ALU/For_B2s/FA_3/XLXI_8
AND2 		ALU/For_B2s/FA_4/XLXI_8
AND2 		ALU/For_B2s/FA_5/XLXI_8
AND2 		ALU/For_B2s/FA_6/XLXI_8
AND2 		ALU/For_B2s/FA_7/XLXI_8
AND2 		ALU/For_B2s/FA_8/XLXI_8
AND2 		ALU/For_B2s/FA_9/XLXI_8
AND3 		DataB_MUX/XLXI_10/XLXI_3
AND3 		DataB_MUX/XLXI_10/XLXI_4
AND3 		DataB_MUX/XLXI_11/XLXI_3
AND3 		DataB_MUX/XLXI_11/XLXI_4
AND3 		DataB_MUX/XLXI_12/XLXI_3
AND3 		DataB_MUX/XLXI_12/XLXI_4
AND3 		DataB_MUX/XLXI_13/XLXI_3
AND3 		DataB_MUX/XLXI_13/XLXI_4
AND3 		DataB_MUX/XLXI_14/XLXI_3
AND3 		DataB_MUX/XLXI_14/XLXI_4
AND3 		DataB_MUX/XLXI_15/XLXI_3
AND3 		DataB_MUX/XLXI_15/XLXI_4
AND3 		DataB_MUX/XLXI_16/XLXI_3
AND3 		DataB_MUX/XLXI_16/XLXI_4
AND3 		DataB_MUX/XLXI_17/XLXI_3
AND3 		DataB_MUX/XLXI_17/XLXI_4
AND3 		DataB_MUX/XLXI_18/XLXI_3
AND3 		DataB_MUX/XLXI_18/XLXI_4
AND3 		DataB_MUX/XLXI_19/XLXI_3
AND3 		DataB_MUX/XLXI_19/XLXI_4
AND3 		DataB_MUX/XLXI_20/XLXI_3
AND3 		DataB_MUX/XLXI_20/XLXI_4
AND3 		DataB_MUX/XLXI_21/XLXI_3
AND3 		DataB_MUX/XLXI_21/XLXI_4
AND3 		DataB_MUX/XLXI_22/XLXI_3
AND3 		DataB_MUX/XLXI_22/XLXI_4
AND3 		DataB_MUX/XLXI_23/XLXI_3
AND3 		DataB_MUX/XLXI_23/XLXI_4
AND3 		DataB_MUX/XLXI_24/XLXI_4
AND3 		DataB_MUX/XLXI_9/XLXI_3
AND3 		DataB_MUX/XLXI_9/XLXI_4
AND3 		S50_S81_Z82_Zero3/XLXI_1/XLXI_10/XLXI_3
AND3 		S50_S81_Z82_Zero3/XLXI_1/XLXI_10/XLXI_4
AND3 		S50_S81_Z82_Zero3/XLXI_1/XLXI_11/XLXI_3
AND3 		S50_S81_Z82_Zero3/XLXI_1/XLXI_11/XLXI_4
AND3 		S50_S81_Z82_Zero3/XLXI_1/XLXI_12/XLXI_3
AND3 		S50_S81_Z82_Zero3/XLXI_1/XLXI_12/XLXI_4
AND3 		S50_S81_Z82_Zero3/XLXI_1/XLXI_13/XLXI_3
AND3 		S50_S81_Z82_Zero3/XLXI_1/XLXI_13/XLXI_4
AND3 		S50_S81_Z82_Zero3/XLXI_1/XLXI_14/XLXI_3
AND3 		S50_S81_Z82_Zero3/XLXI_1/XLXI_14/XLXI_4
AND3 		S50_S81_Z82_Zero3/XLXI_1/XLXI_15/XLXI_3
AND3 		S50_S81_Z82_Zero3/XLXI_1/XLXI_15/XLXI_4
AND3 		S50_S81_Z82_Zero3/XLXI_1/XLXI_16/XLXI_3
AND3 		S50_S81_Z82_Zero3/XLXI_1/XLXI_16/XLXI_4
AND3 		S50_S81_Z82_Zero3/XLXI_1/XLXI_17/XLXI_4
AND3 		S50_S81_Z82_Zero3/XLXI_1/XLXI_18/XLXI_4
AND3 		S50_S81_Z82_Zero3/XLXI_1/XLXI_19/XLXI_4
AND3 		S50_S81_Z82_Zero3/XLXI_1/XLXI_20/XLXI_4
AND3 		S50_S81_Z82_Zero3/XLXI_1/XLXI_21/XLXI_4
AND3 		S50_S81_Z82_Zero3/XLXI_1/XLXI_22/XLXI_4
AND3 		S50_S81_Z82_Zero3/XLXI_1/XLXI_23/XLXI_4
AND3 		S50_S81_Z82_Zero3/XLXI_1/XLXI_24/XLXI_4
AND3 		S50_S81_Z82_Zero3/XLXI_1/XLXI_9/XLXI_3
AND3 		S50_S81_Z82_Zero3/XLXI_1/XLXI_9/XLXI_4
GND 		XST_GND
VCC 		XST_VCC

To enable printing of redundant blocks removed and signals merged, set the
detailed map report option and rerun map.

Section 6 - IOB Properties
--------------------------

+---------------------------------------------------------------------------------------------------------------------------------------------------------+
| IOB Name                           | Type             | Direction | IO Standard          | Diff  | Drive    | Slew | Reg (s)      | Resistor | IOB      |
|                                    |                  |           |                      | Term  | Strength | Rate |              |          | Delay    |
+---------------------------------------------------------------------------------------------------------------------------------------------------------+
| ALUOut_CE                          | IOB              | INPUT     | LVCMOS25             |       |          |      |              |          |          |
| ALU_A_Sel                          | IOB              | INPUT     | LVCMOS25             |       |          |      |              |          |          |
| ALU_B_Sel<0>                       | IOB              | INPUT     | LVCMOS25             |       |          |      |              |          |          |
| ALU_B_Sel<1>                       | IOB              | INPUT     | LVCMOS25             |       |          |      |              |          |          |
| ALU_Control                        | IOB              | INPUT     | LVCMOS25             |       |          |      |              |          |          |
| ALU_Out<0>                         | IOB              | OUTPUT    | LVCMOS25             |       | 12       | SLOW |              |          |          |
| ALU_Out<1>                         | IOB              | OUTPUT    | LVCMOS25             |       | 12       | SLOW |              |          |          |
| ALU_Out<2>                         | IOB              | OUTPUT    | LVCMOS25             |       | 12       | SLOW |              |          |          |
| ALU_Out<3>                         | IOB              | OUTPUT    | LVCMOS25             |       | 12       | SLOW |              |          |          |
| ALU_Out<4>                         | IOB              | OUTPUT    | LVCMOS25             |       | 12       | SLOW |              |          |          |
| ALU_Out<5>                         | IOB              | OUTPUT    | LVCMOS25             |       | 12       | SLOW |              |          |          |
| ALU_Out<6>                         | IOB              | OUTPUT    | LVCMOS25             |       | 12       | SLOW |              |          |          |
| ALU_Out<7>                         | IOB              | OUTPUT    | LVCMOS25             |       | 12       | SLOW |              |          |          |
| ALU_Out<8>                         | IOB              | OUTPUT    | LVCMOS25             |       | 12       | SLOW |              |          |          |
| ALU_Out<9>                         | IOB              | OUTPUT    | LVCMOS25             |       | 12       | SLOW |              |          |          |
| ALU_Out<10>                        | IOB              | OUTPUT    | LVCMOS25             |       | 12       | SLOW |              |          |          |
| ALU_Out<11>                        | IOB              | OUTPUT    | LVCMOS25             |       | 12       | SLOW |              |          |          |
| ALU_Out<12>                        | IOB              | OUTPUT    | LVCMOS25             |       | 12       | SLOW |              |          |          |
| ALU_Out<13>                        | IOB              | OUTPUT    | LVCMOS25             |       | 12       | SLOW |              |          |          |
| ALU_Out<14>                        | IOB              | OUTPUT    | LVCMOS25             |       | 12       | SLOW |              |          |          |
| ALU_Out<15>                        | IOB              | OUTPUT    | LVCMOS25             |       | 12       | SLOW |              |          |          |
| ALU_S<0>                           | IOB              | OUTPUT    | LVCMOS25             |       | 12       | SLOW |              |          |          |
| ALU_S<1>                           | IOB              | OUTPUT    | LVCMOS25             |       | 12       | SLOW |              |          |          |
| ALU_S<2>                           | IOB              | OUTPUT    | LVCMOS25             |       | 12       | SLOW |              |          |          |
| ALU_S<3>                           | IOB              | OUTPUT    | LVCMOS25             |       | 12       | SLOW |              |          |          |
| ALU_S<4>                           | IOB              | OUTPUT    | LVCMOS25             |       | 12       | SLOW |              |          |          |
| ALU_S<5>                           | IOB              | OUTPUT    | LVCMOS25             |       | 12       | SLOW |              |          |          |
| ALU_S<6>                           | IOB              | OUTPUT    | LVCMOS25             |       | 12       | SLOW |              |          |          |
| ALU_S<7>                           | IOB              | OUTPUT    | LVCMOS25             |       | 12       | SLOW |              |          |          |
| ALU_S<8>                           | IOB              | OUTPUT    | LVCMOS25             |       | 12       | SLOW |              |          |          |
| ALU_S<9>                           | IOB              | OUTPUT    | LVCMOS25             |       | 12       | SLOW |              |          |          |
| ALU_S<10>                          | IOB              | OUTPUT    | LVCMOS25             |       | 12       | SLOW |              |          |          |
| ALU_S<11>                          | IOB              | OUTPUT    | LVCMOS25             |       | 12       | SLOW |              |          |          |
| ALU_S<12>                          | IOB              | OUTPUT    | LVCMOS25             |       | 12       | SLOW |              |          |          |
| ALU_S<13>                          | IOB              | OUTPUT    | LVCMOS25             |       | 12       | SLOW |              |          |          |
| ALU_S<14>                          | IOB              | OUTPUT    | LVCMOS25             |       | 12       | SLOW |              |          |          |
| ALU_S<15>                          | IOB              | OUTPUT    | LVCMOS25             |       | 12       | SLOW |              |          |          |
| Imm_Sel<0>                         | IOB              | INPUT     | LVCMOS25             |       |          |      |              |          |          |
| Imm_Sel<1>                         | IOB              | INPUT     | LVCMOS25             |       |          |      |              |          |          |
| Instr<0>                           | IOB              | INPUT     | LVCMOS25             |       |          |      |              |          |          |
| Instr<1>                           | IOB              | INPUT     | LVCMOS25             |       |          |      |              |          |          |
| Instr<2>                           | IOB              | INPUT     | LVCMOS25             |       |          |      |              |          |          |
| Instr<3>                           | IOB              | INPUT     | LVCMOS25             |       |          |      |              |          |          |
| Instr<4>                           | IOB              | INPUT     | LVCMOS25             |       |          |      |              |          |          |
| Instr<5>                           | IOB              | INPUT     | LVCMOS25             |       |          |      |              |          |          |
| Instr<6>                           | IOB              | INPUT     | LVCMOS25             |       |          |      |              |          |          |
| Instr<7>                           | IOB              | INPUT     | LVCMOS25             |       |          |      |              |          |          |
| MemDataReg_to_RF<0>                | IOB              | INPUT     | LVCMOS25             |       |          |      |              |          |          |
| MemDataReg_to_RF<1>                | IOB              | INPUT     | LVCMOS25             |       |          |      |              |          |          |
| MemDataReg_to_RF<2>                | IOB              | INPUT     | LVCMOS25             |       |          |      |              |          |          |
| MemDataReg_to_RF<3>                | IOB              | INPUT     | LVCMOS25             |       |          |      |              |          |          |
| MemDataReg_to_RF<4>                | IOB              | INPUT     | LVCMOS25             |       |          |      |              |          |          |
| MemDataReg_to_RF<5>                | IOB              | INPUT     | LVCMOS25             |       |          |      |              |          |          |
| MemDataReg_to_RF<6>                | IOB              | INPUT     | LVCMOS25             |       |          |      |              |          |          |
| MemDataReg_to_RF<7>                | IOB              | INPUT     | LVCMOS25             |       |          |      |              |          |          |
| MemDataReg_to_RF<8>                | IOB              | INPUT     | LVCMOS25             |       |          |      |              |          |          |
| MemDataReg_to_RF<9>                | IOB              | INPUT     | LVCMOS25             |       |          |      |              |          |          |
| MemDataReg_to_RF<10>               | IOB              | INPUT     | LVCMOS25             |       |          |      |              |          |          |
| MemDataReg_to_RF<11>               | IOB              | INPUT     | LVCMOS25             |       |          |      |              |          |          |
| MemDataReg_to_RF<12>               | IOB              | INPUT     | LVCMOS25             |       |          |      |              |          |          |
| MemDataReg_to_RF<13>               | IOB              | INPUT     | LVCMOS25             |       |          |      |              |          |          |
| MemDataReg_to_RF<14>               | IOB              | INPUT     | LVCMOS25             |       |          |      |              |          |          |
| MemDataReg_to_RF<15>               | IOB              | INPUT     | LVCMOS25             |       |          |      |              |          |          |
| Mem_to_RF_Sel                      | IOB              | INPUT     | LVCMOS25             |       |          |      |              |          |          |
| NZVC<0>                            | IOB              | OUTPUT    | LVCMOS25             |       | 12       | SLOW |              |          |          |
| NZVC<1>                            | IOB              | OUTPUT    | LVCMOS25             |       | 12       | SLOW |              |          |          |
| NZVC<2>                            | IOB              | OUTPUT    | LVCMOS25             |       | 12       | SLOW |              |          |          |
| NZVC<3>                            | IOB              | OUTPUT    | LVCMOS25             |       | 12       | SLOW |              |          |          |
| PC_to_ALU_A<0>                     | IOB              | INPUT     | LVCMOS25             |       |          |      |              |          |          |
| PC_to_ALU_A<1>                     | IOB              | INPUT     | LVCMOS25             |       |          |      |              |          |          |
| PC_to_ALU_A<2>                     | IOB              | INPUT     | LVCMOS25             |       |          |      |              |          |          |
| PC_to_ALU_A<3>                     | IOB              | INPUT     | LVCMOS25             |       |          |      |              |          |          |
| PC_to_ALU_A<4>                     | IOB              | INPUT     | LVCMOS25             |       |          |      |              |          |          |
| PC_to_ALU_A<5>                     | IOB              | INPUT     | LVCMOS25             |       |          |      |              |          |          |
| PC_to_ALU_A<6>                     | IOB              | INPUT     | LVCMOS25             |       |          |      |              |          |          |
| PC_to_ALU_A<7>                     | IOB              | INPUT     | LVCMOS25             |       |          |      |              |          |          |
| PC_to_ALU_A<8>                     | IOB              | INPUT     | LVCMOS25             |       |          |      |              |          |          |
| PC_to_ALU_A<9>                     | IOB              | INPUT     | LVCMOS25             |       |          |      |              |          |          |
| PC_to_ALU_A<10>                    | IOB              | INPUT     | LVCMOS25             |       |          |      |              |          |          |
| PC_to_ALU_A<11>                    | IOB              | INPUT     | LVCMOS25             |       |          |      |              |          |          |
| PC_to_ALU_A<12>                    | IOB              | INPUT     | LVCMOS25             |       |          |      |              |          |          |
| PC_to_ALU_A<13>                    | IOB              | INPUT     | LVCMOS25             |       |          |      |              |          |          |
| PC_to_ALU_A<14>                    | IOB              | INPUT     | LVCMOS25             |       |          |      |              |          |          |
| PC_to_ALU_A<15>                    | IOB              | INPUT     | LVCMOS25             |       |          |      |              |          |          |
| RA_Data_CE                         | IOB              | INPUT     | LVCMOS25             |       |          |      |              |          |          |
| RB_Data_CE                         | IOB              | INPUT     | LVCMOS25             |       |          |      |              |          |          |
| RF_Write_en                        | IOB              | INPUT     | LVCMOS25             |       |          |      |              |          |          |
| Rd_ddd_to_RF<0>                    | IOB              | INPUT     | LVCMOS25             |       |          |      |              |          |          |
| Rd_ddd_to_RF<1>                    | IOB              | INPUT     | LVCMOS25             |       |          |      |              |          |          |
| Rd_ddd_to_RF<2>                    | IOB              | INPUT     | LVCMOS25             |       |          |      |              |          |          |
| Rm_mmm_to_RF<0>                    | IOB              | INPUT     | LVCMOS25             |       |          |      |              |          |          |
| Rm_mmm_to_RF<1>                    | IOB              | INPUT     | LVCMOS25             |       |          |      |              |          |          |
| Rm_mmm_to_RF<2>                    | IOB              | INPUT     | LVCMOS25             |       |          |      |              |          |          |
| Rn_nnn_to_RF<0>                    | IOB              | INPUT     | LVCMOS25             |       |          |      |              |          |          |
| Rn_nnn_to_RF<1>                    | IOB              | INPUT     | LVCMOS25             |       |          |      |              |          |          |
| Rn_nnn_to_RF<2>                    | IOB              | INPUT     | LVCMOS25             |       |          |      |              |          |          |
| clk                                | IOB              | INPUT     | LVCMOS25             |       |          |      |              |          |          |
+---------------------------------------------------------------------------------------------------------------------------------------------------------+

Section 7 - RPMs
----------------

Section 8 - Guide Report
------------------------
Guide not run on this design.

Section 9 - Area Group and Partition Summary
--------------------------------------------

Partition Implementation Status
-------------------------------

  No Partitions were found in this design.

-------------------------------

Area Group Information
----------------------

  No area groups were found in this design.

----------------------

Section 10 - Timing Report
--------------------------
A logic-level (pre-route) timing report can be generated by using Xilinx static
timing analysis tools, Timing Analyzer (GUI) or TRCE (command line), with the
mapped NCD and PCF files. Please note that this timing report will be generated
using estimated delay information. For accurate numbers, please generate a
timing report with the post Place and Route NCD file.

For more information about the Timing Analyzer, consult the Xilinx Timing
Analyzer Reference Manual; for more information about TRCE, consult the Xilinx
Command Line Tools User Guide "TRACE" chapter.

Section 11 - Configuration String Details
-----------------------------------------
Use the "-detail" map option to print out Configuration Strings

Section 12 - Control Set Information
------------------------------------
Use the "-detail" map option to print out Control Set Information.

Section 13 - Utilization by Hierarchy
-------------------------------------
Use the "-detail" map option to print out the Utilization by Hierarchy section.
