--------------------------------------------------------------------------------
Release 14.7 Trace  (lin64)
Copyright (c) 1995-2013 Xilinx, Inc.  All rights reserved.

/opt/Xilinx/14.7/ISE_DS/ISE/bin/lin64/unwrapped/trce -intstyle ise -v 3 -s 1 -n
3 -fastpaths -xml A_16bits_RF_plus_ALU.twx A_16bits_RF_plus_ALU.ncd -o
A_16bits_RF_plus_ALU.twr A_16bits_RF_plus_ALU.pcf

Design file:              A_16bits_RF_plus_ALU.ncd
Physical constraint file: A_16bits_RF_plus_ALU.pcf
Device,package,speed:     xc6vlx75t,ff484,C,-1 (PRODUCTION 1.17 2013-10-13)
Report level:             verbose report

Environment Variable      Effect 
--------------------      ------ 
NONE                      No environment variables were set
--------------------------------------------------------------------------------

INFO:Timing:2698 - No timing constraints found, doing default enumeration.
INFO:Timing:3412 - To improve timing, see the Timing Closure User Guide (UG612).
INFO:Timing:2752 - To get complete path coverage, use the unconstrained paths 
   option. All paths that are not constrained will be reported in the 
   unconstrained paths section(s) of the report.
INFO:Timing:3339 - The clock-to-out numbers in this timing report are based on 
   a 50 Ohm transmission line loading model.  For the details of this model, 
   and for more information on accounting for different loading conditions, 
   please see the device datasheet.



Data Sheet report:
-----------------
All values displayed in nanoseconds (ns)

Setup/Hold to clock clk
--------------------+------------+------------+------------+------------+------------------+--------+
                    |Max Setup to|  Process   |Max Hold to |  Process   |                  | Clock  |
Source              | clk (edge) |   Corner   | clk (edge) |   Corner   |Internal Clock(s) | Phase  |
--------------------+------------+------------+------------+------------+------------------+--------+
ALUOut_CE           |    1.022(R)|      SLOW  |    0.771(R)|      SLOW  |clk_BUFGP         |   0.000|
ALU_A_Sel           |    8.725(R)|      SLOW  |    0.442(R)|      SLOW  |clk_BUFGP         |   0.000|
ALU_B_Sel<0>        |    9.127(R)|      SLOW  |    0.278(R)|      SLOW  |clk_BUFGP         |   0.000|
ALU_B_Sel<1>        |    9.700(R)|      SLOW  |    0.584(R)|      SLOW  |clk_BUFGP         |   0.000|
ALU_Control         |    9.357(R)|      SLOW  |    0.397(R)|      SLOW  |clk_BUFGP         |   0.000|
Imm_Sel<0>          |    9.046(R)|      SLOW  |   -0.076(R)|      SLOW  |clk_BUFGP         |   0.000|
Imm_Sel<1>          |    9.629(R)|      SLOW  |    0.107(R)|      SLOW  |clk_BUFGP         |   0.000|
Instr<0>            |    7.248(R)|      SLOW  |    0.829(R)|      SLOW  |clk_BUFGP         |   0.000|
Instr<1>            |    8.372(R)|      SLOW  |   -0.342(R)|      FAST  |clk_BUFGP         |   0.000|
Instr<2>            |    7.490(R)|      SLOW  |    0.368(R)|      SLOW  |clk_BUFGP         |   0.000|
Instr<3>            |    6.950(R)|      SLOW  |    0.287(R)|      SLOW  |clk_BUFGP         |   0.000|
Instr<4>            |    7.084(R)|      SLOW  |   -0.038(R)|      SLOW  |clk_BUFGP         |   0.000|
Instr<5>            |    6.267(R)|      SLOW  |   -0.073(R)|      SLOW  |clk_BUFGP         |   0.000|
Instr<6>            |    6.629(R)|      SLOW  |   -0.213(R)|      FAST  |clk_BUFGP         |   0.000|
Instr<7>            |    5.718(R)|      SLOW  |    0.234(R)|      SLOW  |clk_BUFGP         |   0.000|
MemDataReg_to_RF<0> |    0.818(R)|      SLOW  |    0.504(R)|      SLOW  |clk_BUFGP         |   0.000|
MemDataReg_to_RF<1> |    0.887(R)|      SLOW  |    0.378(R)|      SLOW  |clk_BUFGP         |   0.000|
MemDataReg_to_RF<2> |    0.898(R)|      SLOW  |    0.538(R)|      SLOW  |clk_BUFGP         |   0.000|
MemDataReg_to_RF<3> |    1.441(R)|      SLOW  |    0.349(R)|      SLOW  |clk_BUFGP         |   0.000|
MemDataReg_to_RF<4> |    0.834(R)|      SLOW  |    0.511(R)|      SLOW  |clk_BUFGP         |   0.000|
MemDataReg_to_RF<5> |    0.825(R)|      FAST  |    0.530(R)|      SLOW  |clk_BUFGP         |   0.000|
MemDataReg_to_RF<6> |    1.020(R)|      SLOW  |    0.321(R)|      SLOW  |clk_BUFGP         |   0.000|
MemDataReg_to_RF<7> |    0.823(R)|      SLOW  |    0.512(R)|      SLOW  |clk_BUFGP         |   0.000|
MemDataReg_to_RF<8> |    0.855(R)|      SLOW  |    0.537(R)|      SLOW  |clk_BUFGP         |   0.000|
MemDataReg_to_RF<9> |    0.777(R)|      FAST  |    0.599(R)|      SLOW  |clk_BUFGP         |   0.000|
MemDataReg_to_RF<10>|    1.102(R)|      SLOW  |    0.641(R)|      SLOW  |clk_BUFGP         |   0.000|
MemDataReg_to_RF<11>|    0.750(R)|      FAST  |    0.666(R)|      SLOW  |clk_BUFGP         |   0.000|
MemDataReg_to_RF<12>|    0.738(R)|      SLOW  |    0.714(R)|      SLOW  |clk_BUFGP         |   0.000|
MemDataReg_to_RF<13>|    0.443(R)|      FAST  |    1.072(R)|      SLOW  |clk_BUFGP         |   0.000|
MemDataReg_to_RF<14>|    0.463(R)|      FAST  |    0.998(R)|      SLOW  |clk_BUFGP         |   0.000|
MemDataReg_to_RF<15>|    0.560(R)|      FAST  |    0.824(R)|      SLOW  |clk_BUFGP         |   0.000|
Mem_to_RF_Sel       |    1.938(R)|      SLOW  |    1.283(R)|      SLOW  |clk_BUFGP         |   0.000|
PC_to_ALU_A<0>      |    8.245(R)|      SLOW  |    0.318(R)|      SLOW  |clk_BUFGP         |   0.000|
PC_to_ALU_A<1>      |    7.534(R)|      SLOW  |   -0.068(R)|      SLOW  |clk_BUFGP         |   0.000|
PC_to_ALU_A<2>      |    7.470(R)|      SLOW  |    0.402(R)|      SLOW  |clk_BUFGP         |   0.000|
PC_to_ALU_A<3>      |    7.234(R)|      SLOW  |    0.068(R)|      SLOW  |clk_BUFGP         |   0.000|
PC_to_ALU_A<4>      |    6.913(R)|      SLOW  |    0.129(R)|      SLOW  |clk_BUFGP         |   0.000|
PC_to_ALU_A<5>      |    5.972(R)|      SLOW  |    0.231(R)|      SLOW  |clk_BUFGP         |   0.000|
PC_to_ALU_A<6>      |    6.254(R)|      SLOW  |    0.034(R)|      SLOW  |clk_BUFGP         |   0.000|
PC_to_ALU_A<7>      |    5.005(R)|      SLOW  |    0.003(R)|      SLOW  |clk_BUFGP         |   0.000|
PC_to_ALU_A<8>      |    4.779(R)|      SLOW  |    0.167(R)|      SLOW  |clk_BUFGP         |   0.000|
PC_to_ALU_A<9>      |    4.143(R)|      SLOW  |    0.062(R)|      SLOW  |clk_BUFGP         |   0.000|
PC_to_ALU_A<10>     |    3.591(R)|      SLOW  |    0.124(R)|      SLOW  |clk_BUFGP         |   0.000|
PC_to_ALU_A<11>     |    2.980(R)|      SLOW  |    0.019(R)|      SLOW  |clk_BUFGP         |   0.000|
PC_to_ALU_A<12>     |    2.538(R)|      SLOW  |    0.072(R)|      SLOW  |clk_BUFGP         |   0.000|
PC_to_ALU_A<13>     |    2.259(R)|      SLOW  |   -0.002(R)|      SLOW  |clk_BUFGP         |   0.000|
PC_to_ALU_A<14>     |    1.197(R)|      SLOW  |    0.164(R)|      SLOW  |clk_BUFGP         |   0.000|
PC_to_ALU_A<15>     |    0.923(R)|      SLOW  |   -0.058(R)|      SLOW  |clk_BUFGP         |   0.000|
RA_Data_CE          |    1.268(R)|      SLOW  |    1.130(R)|      SLOW  |clk_BUFGP         |   0.000|
RB_Data_CE          |    2.010(R)|      SLOW  |    1.097(R)|      SLOW  |clk_BUFGP         |   0.000|
RF_Write_en         |    1.674(R)|      SLOW  |    0.292(R)|      SLOW  |clk_BUFGP         |   0.000|
Rd_ddd_to_RF<0>     |    2.434(R)|      SLOW  |    0.081(R)|      SLOW  |clk_BUFGP         |   0.000|
Rd_ddd_to_RF<1>     |    1.541(R)|      SLOW  |    0.666(R)|      SLOW  |clk_BUFGP         |   0.000|
Rd_ddd_to_RF<2>     |    1.132(R)|      SLOW  |    0.812(R)|      SLOW  |clk_BUFGP         |   0.000|
Rm_mmm_to_RF<0>     |    3.301(R)|      SLOW  |    1.003(R)|      SLOW  |clk_BUFGP         |   0.000|
Rm_mmm_to_RF<1>     |    3.012(R)|      SLOW  |    0.262(R)|      SLOW  |clk_BUFGP         |   0.000|
Rm_mmm_to_RF<2>     |    2.435(R)|      SLOW  |    1.060(R)|      SLOW  |clk_BUFGP         |   0.000|
Rn_nnn_to_RF<0>     |    2.985(R)|      SLOW  |    0.602(R)|      SLOW  |clk_BUFGP         |   0.000|
Rn_nnn_to_RF<1>     |    3.956(R)|      SLOW  |    0.709(R)|      SLOW  |clk_BUFGP         |   0.000|
Rn_nnn_to_RF<2>     |    3.619(R)|      SLOW  |    0.672(R)|      SLOW  |clk_BUFGP         |   0.000|
--------------------+------------+------------+------------+------------+------------------+--------+

Clock clk to Pad
------------+-----------------+------------+-----------------+------------+------------------+--------+
            |Max (slowest) clk|  Process   |Min (fastest) clk|  Process   |                  | Clock  |
Destination |  (edge) to PAD  |   Corner   |  (edge) to PAD  |   Corner   |Internal Clock(s) | Phase  |
------------+-----------------+------------+-----------------+------------+------------------+--------+
ALU_Out<0>  |         7.199(R)|      SLOW  |         3.035(R)|      FAST  |clk_BUFGP         |   0.000|
ALU_Out<1>  |         7.470(R)|      SLOW  |         3.147(R)|      FAST  |clk_BUFGP         |   0.000|
ALU_Out<2>  |         8.024(R)|      SLOW  |         3.493(R)|      FAST  |clk_BUFGP         |   0.000|
ALU_Out<3>  |         8.098(R)|      SLOW  |         3.521(R)|      FAST  |clk_BUFGP         |   0.000|
ALU_Out<4>  |         7.810(R)|      SLOW  |         3.488(R)|      FAST  |clk_BUFGP         |   0.000|
ALU_Out<5>  |         7.739(R)|      SLOW  |         3.388(R)|      FAST  |clk_BUFGP         |   0.000|
ALU_Out<6>  |         7.862(R)|      SLOW  |         3.419(R)|      FAST  |clk_BUFGP         |   0.000|
ALU_Out<7>  |         8.183(R)|      SLOW  |         3.630(R)|      FAST  |clk_BUFGP         |   0.000|
ALU_Out<8>  |         7.711(R)|      SLOW  |         3.357(R)|      FAST  |clk_BUFGP         |   0.000|
ALU_Out<9>  |         7.288(R)|      SLOW  |         3.085(R)|      FAST  |clk_BUFGP         |   0.000|
ALU_Out<10> |         8.191(R)|      SLOW  |         3.708(R)|      FAST  |clk_BUFGP         |   0.000|
ALU_Out<11> |         7.872(R)|      SLOW  |         3.442(R)|      FAST  |clk_BUFGP         |   0.000|
ALU_Out<12> |         7.659(R)|      SLOW  |         3.317(R)|      FAST  |clk_BUFGP         |   0.000|
ALU_Out<13> |         7.865(R)|      SLOW  |         3.417(R)|      FAST  |clk_BUFGP         |   0.000|
ALU_Out<14> |         7.844(R)|      SLOW  |         3.412(R)|      FAST  |clk_BUFGP         |   0.000|
ALU_Out<15> |         7.955(R)|      SLOW  |         3.511(R)|      FAST  |clk_BUFGP         |   0.000|
ALU_S<0>    |         8.688(R)|      SLOW  |         3.583(R)|      FAST  |clk_BUFGP         |   0.000|
ALU_S<1>    |         9.698(R)|      SLOW  |         3.644(R)|      FAST  |clk_BUFGP         |   0.000|
ALU_S<2>    |        10.166(R)|      SLOW  |         3.628(R)|      FAST  |clk_BUFGP         |   0.000|
ALU_S<3>    |        10.426(R)|      SLOW  |         3.665(R)|      FAST  |clk_BUFGP         |   0.000|
ALU_S<4>    |        10.539(R)|      SLOW  |         3.587(R)|      FAST  |clk_BUFGP         |   0.000|
ALU_S<5>    |        10.671(R)|      SLOW  |         3.519(R)|      FAST  |clk_BUFGP         |   0.000|
ALU_S<6>    |        11.807(R)|      SLOW  |         3.577(R)|      FAST  |clk_BUFGP         |   0.000|
ALU_S<7>    |        12.079(R)|      SLOW  |         3.683(R)|      FAST  |clk_BUFGP         |   0.000|
ALU_S<8>    |        12.636(R)|      SLOW  |         3.531(R)|      FAST  |clk_BUFGP         |   0.000|
ALU_S<9>    |        12.761(R)|      SLOW  |         3.549(R)|      FAST  |clk_BUFGP         |   0.000|
ALU_S<10>   |        13.401(R)|      SLOW  |         3.587(R)|      FAST  |clk_BUFGP         |   0.000|
ALU_S<11>   |        13.902(R)|      SLOW  |         3.720(R)|      FAST  |clk_BUFGP         |   0.000|
ALU_S<12>   |        14.501(R)|      SLOW  |         3.662(R)|      FAST  |clk_BUFGP         |   0.000|
ALU_S<13>   |        14.866(R)|      SLOW  |         3.571(R)|      FAST  |clk_BUFGP         |   0.000|
ALU_S<14>   |        16.015(R)|      SLOW  |         3.770(R)|      FAST  |clk_BUFGP         |   0.000|
ALU_S<15>   |        16.526(R)|      SLOW  |         3.788(R)|      FAST  |clk_BUFGP         |   0.000|
NZVC<0>     |        16.485(R)|      SLOW  |         3.347(R)|      FAST  |clk_BUFGP         |   0.000|
NZVC<1>     |        16.853(R)|      SLOW  |         3.752(R)|      FAST  |clk_BUFGP         |   0.000|
NZVC<2>     |        16.622(R)|      SLOW  |         3.825(R)|      FAST  |clk_BUFGP         |   0.000|
NZVC<3>     |        16.403(R)|      SLOW  |         3.737(R)|      FAST  |clk_BUFGP         |   0.000|
------------+-----------------+------------+-----------------+------------+------------------+--------+

Clock to Setup on destination clock clk
---------------+---------+---------+---------+---------+
               | Src:Rise| Src:Fall| Src:Rise| Src:Fall|
Source Clock   |Dest:Rise|Dest:Rise|Dest:Fall|Dest:Fall|
---------------+---------+---------+---------+---------+
clk            |    9.261|         |         |         |
---------------+---------+---------+---------+---------+

Pad to Pad
---------------+---------------+---------+
Source Pad     |Destination Pad|  Delay  |
---------------+---------------+---------+
ALU_A_Sel      |ALU_S<0>       |    8.056|
ALU_A_Sel      |ALU_S<1>       |    8.907|
ALU_A_Sel      |ALU_S<2>       |    9.534|
ALU_A_Sel      |ALU_S<3>       |    9.794|
ALU_A_Sel      |ALU_S<4>       |    9.901|
ALU_A_Sel      |ALU_S<5>       |   10.033|
ALU_A_Sel      |ALU_S<6>       |   11.169|
ALU_A_Sel      |ALU_S<7>       |   11.441|
ALU_A_Sel      |ALU_S<8>       |   11.990|
ALU_A_Sel      |ALU_S<9>       |   12.115|
ALU_A_Sel      |ALU_S<10>      |   12.755|
ALU_A_Sel      |ALU_S<11>      |   13.256|
ALU_A_Sel      |ALU_S<12>      |   13.851|
ALU_A_Sel      |ALU_S<13>      |   14.216|
ALU_A_Sel      |ALU_S<14>      |   15.356|
ALU_A_Sel      |ALU_S<15>      |   15.867|
ALU_A_Sel      |NZVC<0>        |   15.826|
ALU_A_Sel      |NZVC<1>        |   16.194|
ALU_A_Sel      |NZVC<2>        |   15.963|
ALU_A_Sel      |NZVC<3>        |   15.744|
ALU_B_Sel<0>   |ALU_S<0>       |    8.457|
ALU_B_Sel<0>   |ALU_S<1>       |    9.674|
ALU_B_Sel<0>   |ALU_S<2>       |    9.936|
ALU_B_Sel<0>   |ALU_S<3>       |   10.196|
ALU_B_Sel<0>   |ALU_S<4>       |   10.303|
ALU_B_Sel<0>   |ALU_S<5>       |   10.435|
ALU_B_Sel<0>   |ALU_S<6>       |   11.571|
ALU_B_Sel<0>   |ALU_S<7>       |   11.843|
ALU_B_Sel<0>   |ALU_S<8>       |   12.392|
ALU_B_Sel<0>   |ALU_S<9>       |   12.517|
ALU_B_Sel<0>   |ALU_S<10>      |   13.157|
ALU_B_Sel<0>   |ALU_S<11>      |   13.658|
ALU_B_Sel<0>   |ALU_S<12>      |   14.253|
ALU_B_Sel<0>   |ALU_S<13>      |   14.618|
ALU_B_Sel<0>   |ALU_S<14>      |   15.758|
ALU_B_Sel<0>   |ALU_S<15>      |   16.269|
ALU_B_Sel<0>   |NZVC<0>        |   16.228|
ALU_B_Sel<0>   |NZVC<1>        |   16.596|
ALU_B_Sel<0>   |NZVC<2>        |   16.365|
ALU_B_Sel<0>   |NZVC<3>        |   16.146|
ALU_B_Sel<1>   |ALU_S<0>       |    9.031|
ALU_B_Sel<1>   |ALU_S<1>       |    9.971|
ALU_B_Sel<1>   |ALU_S<2>       |   10.509|
ALU_B_Sel<1>   |ALU_S<3>       |   10.769|
ALU_B_Sel<1>   |ALU_S<4>       |   10.876|
ALU_B_Sel<1>   |ALU_S<5>       |   11.008|
ALU_B_Sel<1>   |ALU_S<6>       |   12.144|
ALU_B_Sel<1>   |ALU_S<7>       |   12.416|
ALU_B_Sel<1>   |ALU_S<8>       |   12.965|
ALU_B_Sel<1>   |ALU_S<9>       |   13.090|
ALU_B_Sel<1>   |ALU_S<10>      |   13.730|
ALU_B_Sel<1>   |ALU_S<11>      |   14.231|
ALU_B_Sel<1>   |ALU_S<12>      |   14.826|
ALU_B_Sel<1>   |ALU_S<13>      |   15.191|
ALU_B_Sel<1>   |ALU_S<14>      |   16.331|
ALU_B_Sel<1>   |ALU_S<15>      |   16.842|
ALU_B_Sel<1>   |NZVC<0>        |   16.801|
ALU_B_Sel<1>   |NZVC<1>        |   17.169|
ALU_B_Sel<1>   |NZVC<2>        |   16.938|
ALU_B_Sel<1>   |NZVC<3>        |   16.719|
ALU_Control    |ALU_S<0>       |    8.688|
ALU_Control    |ALU_S<1>       |    9.649|
ALU_Control    |ALU_S<2>       |   10.166|
ALU_Control    |ALU_S<3>       |   10.426|
ALU_Control    |ALU_S<4>       |   10.533|
ALU_Control    |ALU_S<5>       |   10.665|
ALU_Control    |ALU_S<6>       |   11.801|
ALU_Control    |ALU_S<7>       |   12.073|
ALU_Control    |ALU_S<8>       |   12.622|
ALU_Control    |ALU_S<9>       |   12.747|
ALU_Control    |ALU_S<10>      |   13.387|
ALU_Control    |ALU_S<11>      |   13.888|
ALU_Control    |ALU_S<12>      |   14.483|
ALU_Control    |ALU_S<13>      |   14.848|
ALU_Control    |ALU_S<14>      |   15.988|
ALU_Control    |ALU_S<15>      |   16.499|
ALU_Control    |NZVC<0>        |   16.458|
ALU_Control    |NZVC<1>        |   16.826|
ALU_Control    |NZVC<2>        |   16.595|
ALU_Control    |NZVC<3>        |   16.376|
Imm_Sel<0>     |ALU_S<0>       |    8.377|
Imm_Sel<0>     |ALU_S<1>       |    9.361|
Imm_Sel<0>     |ALU_S<2>       |    9.855|
Imm_Sel<0>     |ALU_S<3>       |   10.115|
Imm_Sel<0>     |ALU_S<4>       |   10.222|
Imm_Sel<0>     |ALU_S<5>       |   10.354|
Imm_Sel<0>     |ALU_S<6>       |   11.490|
Imm_Sel<0>     |ALU_S<7>       |   11.762|
Imm_Sel<0>     |ALU_S<8>       |   12.311|
Imm_Sel<0>     |ALU_S<9>       |   12.436|
Imm_Sel<0>     |ALU_S<10>      |   13.076|
Imm_Sel<0>     |ALU_S<11>      |   13.577|
Imm_Sel<0>     |ALU_S<12>      |   14.172|
Imm_Sel<0>     |ALU_S<13>      |   14.537|
Imm_Sel<0>     |ALU_S<14>      |   15.677|
Imm_Sel<0>     |ALU_S<15>      |   16.188|
Imm_Sel<0>     |NZVC<0>        |   16.147|
Imm_Sel<0>     |NZVC<1>        |   16.515|
Imm_Sel<0>     |NZVC<2>        |   16.284|
Imm_Sel<0>     |NZVC<3>        |   16.065|
Imm_Sel<1>     |ALU_S<0>       |    8.960|
Imm_Sel<1>     |ALU_S<1>       |   10.152|
Imm_Sel<1>     |ALU_S<2>       |   10.438|
Imm_Sel<1>     |ALU_S<3>       |   10.698|
Imm_Sel<1>     |ALU_S<4>       |   10.805|
Imm_Sel<1>     |ALU_S<5>       |   10.937|
Imm_Sel<1>     |ALU_S<6>       |   12.073|
Imm_Sel<1>     |ALU_S<7>       |   12.345|
Imm_Sel<1>     |ALU_S<8>       |   12.894|
Imm_Sel<1>     |ALU_S<9>       |   13.019|
Imm_Sel<1>     |ALU_S<10>      |   13.659|
Imm_Sel<1>     |ALU_S<11>      |   14.160|
Imm_Sel<1>     |ALU_S<12>      |   14.755|
Imm_Sel<1>     |ALU_S<13>      |   15.120|
Imm_Sel<1>     |ALU_S<14>      |   16.260|
Imm_Sel<1>     |ALU_S<15>      |   16.771|
Imm_Sel<1>     |NZVC<0>        |   16.730|
Imm_Sel<1>     |NZVC<1>        |   17.098|
Imm_Sel<1>     |NZVC<2>        |   16.867|
Imm_Sel<1>     |NZVC<3>        |   16.648|
Instr<0>       |ALU_S<0>       |    6.579|
Instr<0>       |ALU_S<1>       |    7.430|
Instr<0>       |ALU_S<2>       |    8.057|
Instr<0>       |ALU_S<3>       |    8.317|
Instr<0>       |ALU_S<4>       |    8.424|
Instr<0>       |ALU_S<5>       |    8.556|
Instr<0>       |ALU_S<6>       |    9.692|
Instr<0>       |ALU_S<7>       |    9.964|
Instr<0>       |ALU_S<8>       |   10.513|
Instr<0>       |ALU_S<9>       |   10.638|
Instr<0>       |ALU_S<10>      |   11.278|
Instr<0>       |ALU_S<11>      |   11.779|
Instr<0>       |ALU_S<12>      |   12.374|
Instr<0>       |ALU_S<13>      |   12.739|
Instr<0>       |ALU_S<14>      |   13.879|
Instr<0>       |ALU_S<15>      |   14.390|
Instr<0>       |NZVC<0>        |   14.349|
Instr<0>       |NZVC<1>        |   14.717|
Instr<0>       |NZVC<2>        |   14.486|
Instr<0>       |NZVC<3>        |   14.267|
Instr<1>       |ALU_S<1>       |    8.919|
Instr<1>       |ALU_S<2>       |    9.181|
Instr<1>       |ALU_S<3>       |    9.441|
Instr<1>       |ALU_S<4>       |    9.548|
Instr<1>       |ALU_S<5>       |    9.680|
Instr<1>       |ALU_S<6>       |   10.816|
Instr<1>       |ALU_S<7>       |   11.088|
Instr<1>       |ALU_S<8>       |   11.637|
Instr<1>       |ALU_S<9>       |   11.762|
Instr<1>       |ALU_S<10>      |   12.402|
Instr<1>       |ALU_S<11>      |   12.903|
Instr<1>       |ALU_S<12>      |   13.498|
Instr<1>       |ALU_S<13>      |   13.863|
Instr<1>       |ALU_S<14>      |   15.003|
Instr<1>       |ALU_S<15>      |   15.514|
Instr<1>       |NZVC<0>        |   15.473|
Instr<1>       |NZVC<1>        |   15.841|
Instr<1>       |NZVC<2>        |   15.610|
Instr<1>       |NZVC<3>        |   15.391|
Instr<2>       |ALU_S<2>       |    7.583|
Instr<2>       |ALU_S<3>       |    8.559|
Instr<2>       |ALU_S<4>       |    8.666|
Instr<2>       |ALU_S<5>       |    8.798|
Instr<2>       |ALU_S<6>       |    9.934|
Instr<2>       |ALU_S<7>       |   10.206|
Instr<2>       |ALU_S<8>       |   10.755|
Instr<2>       |ALU_S<9>       |   10.880|
Instr<2>       |ALU_S<10>      |   11.520|
Instr<2>       |ALU_S<11>      |   12.021|
Instr<2>       |ALU_S<12>      |   12.616|
Instr<2>       |ALU_S<13>      |   12.981|
Instr<2>       |ALU_S<14>      |   14.121|
Instr<2>       |ALU_S<15>      |   14.632|
Instr<2>       |NZVC<0>        |   14.591|
Instr<2>       |NZVC<1>        |   14.959|
Instr<2>       |NZVC<2>        |   14.728|
Instr<2>       |NZVC<3>        |   14.509|
Instr<3>       |ALU_S<3>       |    7.542|
Instr<3>       |ALU_S<4>       |    8.126|
Instr<3>       |ALU_S<5>       |    8.258|
Instr<3>       |ALU_S<6>       |    9.394|
Instr<3>       |ALU_S<7>       |    9.666|
Instr<3>       |ALU_S<8>       |   10.215|
Instr<3>       |ALU_S<9>       |   10.340|
Instr<3>       |ALU_S<10>      |   10.980|
Instr<3>       |ALU_S<11>      |   11.481|
Instr<3>       |ALU_S<12>      |   12.076|
Instr<3>       |ALU_S<13>      |   12.441|
Instr<3>       |ALU_S<14>      |   13.581|
Instr<3>       |ALU_S<15>      |   14.092|
Instr<3>       |NZVC<0>        |   14.051|
Instr<3>       |NZVC<1>        |   14.419|
Instr<3>       |NZVC<2>        |   14.188|
Instr<3>       |NZVC<3>        |   13.969|
Instr<4>       |ALU_S<4>       |    8.110|
Instr<4>       |ALU_S<5>       |    8.392|
Instr<4>       |ALU_S<6>       |    9.528|
Instr<4>       |ALU_S<7>       |    9.800|
Instr<4>       |ALU_S<8>       |   10.349|
Instr<4>       |ALU_S<9>       |   10.474|
Instr<4>       |ALU_S<10>      |   11.114|
Instr<4>       |ALU_S<11>      |   11.615|
Instr<4>       |ALU_S<12>      |   12.210|
Instr<4>       |ALU_S<13>      |   12.575|
Instr<4>       |ALU_S<14>      |   13.715|
Instr<4>       |ALU_S<15>      |   14.226|
Instr<4>       |NZVC<0>        |   14.185|
Instr<4>       |NZVC<1>        |   14.553|
Instr<4>       |NZVC<2>        |   14.322|
Instr<4>       |NZVC<3>        |   14.103|
Instr<5>       |ALU_S<5>       |    8.044|
Instr<5>       |ALU_S<6>       |    8.711|
Instr<5>       |ALU_S<7>       |    8.983|
Instr<5>       |ALU_S<8>       |    9.532|
Instr<5>       |ALU_S<9>       |    9.657|
Instr<5>       |ALU_S<10>      |   10.297|
Instr<5>       |ALU_S<11>      |   10.798|
Instr<5>       |ALU_S<12>      |   11.393|
Instr<5>       |ALU_S<13>      |   11.758|
Instr<5>       |ALU_S<14>      |   12.898|
Instr<5>       |ALU_S<15>      |   13.409|
Instr<5>       |NZVC<0>        |   13.368|
Instr<5>       |NZVC<1>        |   13.736|
Instr<5>       |NZVC<2>        |   13.505|
Instr<5>       |NZVC<3>        |   13.286|
Instr<6>       |ALU_S<6>       |    8.870|
Instr<6>       |ALU_S<7>       |    9.345|
Instr<6>       |ALU_S<8>       |    9.894|
Instr<6>       |ALU_S<9>       |   10.019|
Instr<6>       |ALU_S<10>      |   10.659|
Instr<6>       |ALU_S<11>      |   11.160|
Instr<6>       |ALU_S<12>      |   11.755|
Instr<6>       |ALU_S<13>      |   12.120|
Instr<6>       |ALU_S<14>      |   13.260|
Instr<6>       |ALU_S<15>      |   13.771|
Instr<6>       |NZVC<0>        |   13.730|
Instr<6>       |NZVC<1>        |   14.098|
Instr<6>       |NZVC<2>        |   13.867|
Instr<6>       |NZVC<3>        |   13.648|
Instr<7>       |ALU_S<7>       |    9.098|
Instr<7>       |ALU_S<8>       |    8.918|
Instr<7>       |ALU_S<9>       |    9.108|
Instr<7>       |ALU_S<10>      |    9.748|
Instr<7>       |ALU_S<11>      |   10.249|
Instr<7>       |ALU_S<12>      |   10.844|
Instr<7>       |ALU_S<13>      |   11.209|
Instr<7>       |ALU_S<14>      |   12.349|
Instr<7>       |ALU_S<15>      |   12.860|
Instr<7>       |NZVC<0>        |   12.819|
Instr<7>       |NZVC<1>        |   13.187|
Instr<7>       |NZVC<2>        |   12.956|
Instr<7>       |NZVC<3>        |   12.737|
PC_to_ALU_A<0> |ALU_S<0>       |    7.576|
PC_to_ALU_A<0> |ALU_S<1>       |    8.427|
PC_to_ALU_A<0> |ALU_S<2>       |    9.054|
PC_to_ALU_A<0> |ALU_S<3>       |    9.314|
PC_to_ALU_A<0> |ALU_S<4>       |    9.421|
PC_to_ALU_A<0> |ALU_S<5>       |    9.553|
PC_to_ALU_A<0> |ALU_S<6>       |   10.689|
PC_to_ALU_A<0> |ALU_S<7>       |   10.961|
PC_to_ALU_A<0> |ALU_S<8>       |   11.510|
PC_to_ALU_A<0> |ALU_S<9>       |   11.635|
PC_to_ALU_A<0> |ALU_S<10>      |   12.275|
PC_to_ALU_A<0> |ALU_S<11>      |   12.776|
PC_to_ALU_A<0> |ALU_S<12>      |   13.371|
PC_to_ALU_A<0> |ALU_S<13>      |   13.736|
PC_to_ALU_A<0> |ALU_S<14>      |   14.876|
PC_to_ALU_A<0> |ALU_S<15>      |   15.387|
PC_to_ALU_A<0> |NZVC<0>        |   15.346|
PC_to_ALU_A<0> |NZVC<1>        |   15.714|
PC_to_ALU_A<0> |NZVC<2>        |   15.483|
PC_to_ALU_A<0> |NZVC<3>        |   15.264|
PC_to_ALU_A<1> |ALU_S<1>       |    8.075|
PC_to_ALU_A<1> |ALU_S<2>       |    8.343|
PC_to_ALU_A<1> |ALU_S<3>       |    8.603|
PC_to_ALU_A<1> |ALU_S<4>       |    8.710|
PC_to_ALU_A<1> |ALU_S<5>       |    8.842|
PC_to_ALU_A<1> |ALU_S<6>       |    9.978|
PC_to_ALU_A<1> |ALU_S<7>       |   10.250|
PC_to_ALU_A<1> |ALU_S<8>       |   10.799|
PC_to_ALU_A<1> |ALU_S<9>       |   10.924|
PC_to_ALU_A<1> |ALU_S<10>      |   11.564|
PC_to_ALU_A<1> |ALU_S<11>      |   12.065|
PC_to_ALU_A<1> |ALU_S<12>      |   12.660|
PC_to_ALU_A<1> |ALU_S<13>      |   13.025|
PC_to_ALU_A<1> |ALU_S<14>      |   14.165|
PC_to_ALU_A<1> |ALU_S<15>      |   14.676|
PC_to_ALU_A<1> |NZVC<0>        |   14.635|
PC_to_ALU_A<1> |NZVC<1>        |   15.003|
PC_to_ALU_A<1> |NZVC<2>        |   14.772|
PC_to_ALU_A<1> |NZVC<3>        |   14.553|
PC_to_ALU_A<2> |ALU_S<2>       |    7.563|
PC_to_ALU_A<2> |ALU_S<3>       |    8.539|
PC_to_ALU_A<2> |ALU_S<4>       |    8.646|
PC_to_ALU_A<2> |ALU_S<5>       |    8.778|
PC_to_ALU_A<2> |ALU_S<6>       |    9.914|
PC_to_ALU_A<2> |ALU_S<7>       |   10.186|
PC_to_ALU_A<2> |ALU_S<8>       |   10.735|
PC_to_ALU_A<2> |ALU_S<9>       |   10.860|
PC_to_ALU_A<2> |ALU_S<10>      |   11.500|
PC_to_ALU_A<2> |ALU_S<11>      |   12.001|
PC_to_ALU_A<2> |ALU_S<12>      |   12.596|
PC_to_ALU_A<2> |ALU_S<13>      |   12.961|
PC_to_ALU_A<2> |ALU_S<14>      |   14.101|
PC_to_ALU_A<2> |ALU_S<15>      |   14.612|
PC_to_ALU_A<2> |NZVC<0>        |   14.571|
PC_to_ALU_A<2> |NZVC<1>        |   14.939|
PC_to_ALU_A<2> |NZVC<2>        |   14.708|
PC_to_ALU_A<2> |NZVC<3>        |   14.489|
PC_to_ALU_A<3> |ALU_S<3>       |    7.826|
PC_to_ALU_A<3> |ALU_S<4>       |    8.410|
PC_to_ALU_A<3> |ALU_S<5>       |    8.542|
PC_to_ALU_A<3> |ALU_S<6>       |    9.678|
PC_to_ALU_A<3> |ALU_S<7>       |    9.950|
PC_to_ALU_A<3> |ALU_S<8>       |   10.499|
PC_to_ALU_A<3> |ALU_S<9>       |   10.624|
PC_to_ALU_A<3> |ALU_S<10>      |   11.264|
PC_to_ALU_A<3> |ALU_S<11>      |   11.765|
PC_to_ALU_A<3> |ALU_S<12>      |   12.360|
PC_to_ALU_A<3> |ALU_S<13>      |   12.725|
PC_to_ALU_A<3> |ALU_S<14>      |   13.865|
PC_to_ALU_A<3> |ALU_S<15>      |   14.376|
PC_to_ALU_A<3> |NZVC<0>        |   14.335|
PC_to_ALU_A<3> |NZVC<1>        |   14.703|
PC_to_ALU_A<3> |NZVC<2>        |   14.472|
PC_to_ALU_A<3> |NZVC<3>        |   14.253|
PC_to_ALU_A<4> |ALU_S<4>       |    7.939|
PC_to_ALU_A<4> |ALU_S<5>       |    8.221|
PC_to_ALU_A<4> |ALU_S<6>       |    9.357|
PC_to_ALU_A<4> |ALU_S<7>       |    9.629|
PC_to_ALU_A<4> |ALU_S<8>       |   10.178|
PC_to_ALU_A<4> |ALU_S<9>       |   10.303|
PC_to_ALU_A<4> |ALU_S<10>      |   10.943|
PC_to_ALU_A<4> |ALU_S<11>      |   11.444|
PC_to_ALU_A<4> |ALU_S<12>      |   12.039|
PC_to_ALU_A<4> |ALU_S<13>      |   12.404|
PC_to_ALU_A<4> |ALU_S<14>      |   13.544|
PC_to_ALU_A<4> |ALU_S<15>      |   14.055|
PC_to_ALU_A<4> |NZVC<0>        |   14.014|
PC_to_ALU_A<4> |NZVC<1>        |   14.382|
PC_to_ALU_A<4> |NZVC<2>        |   14.151|
PC_to_ALU_A<4> |NZVC<3>        |   13.932|
PC_to_ALU_A<5> |ALU_S<5>       |    7.749|
PC_to_ALU_A<5> |ALU_S<6>       |    8.416|
PC_to_ALU_A<5> |ALU_S<7>       |    8.688|
PC_to_ALU_A<5> |ALU_S<8>       |    9.237|
PC_to_ALU_A<5> |ALU_S<9>       |    9.362|
PC_to_ALU_A<5> |ALU_S<10>      |   10.002|
PC_to_ALU_A<5> |ALU_S<11>      |   10.503|
PC_to_ALU_A<5> |ALU_S<12>      |   11.098|
PC_to_ALU_A<5> |ALU_S<13>      |   11.463|
PC_to_ALU_A<5> |ALU_S<14>      |   12.603|
PC_to_ALU_A<5> |ALU_S<15>      |   13.114|
PC_to_ALU_A<5> |NZVC<0>        |   13.073|
PC_to_ALU_A<5> |NZVC<1>        |   13.441|
PC_to_ALU_A<5> |NZVC<2>        |   13.210|
PC_to_ALU_A<5> |NZVC<3>        |   12.991|
PC_to_ALU_A<6> |ALU_S<6>       |    8.495|
PC_to_ALU_A<6> |ALU_S<7>       |    8.970|
PC_to_ALU_A<6> |ALU_S<8>       |    9.519|
PC_to_ALU_A<6> |ALU_S<9>       |    9.644|
PC_to_ALU_A<6> |ALU_S<10>      |   10.284|
PC_to_ALU_A<6> |ALU_S<11>      |   10.785|
PC_to_ALU_A<6> |ALU_S<12>      |   11.380|
PC_to_ALU_A<6> |ALU_S<13>      |   11.745|
PC_to_ALU_A<6> |ALU_S<14>      |   12.885|
PC_to_ALU_A<6> |ALU_S<15>      |   13.396|
PC_to_ALU_A<6> |NZVC<0>        |   13.355|
PC_to_ALU_A<6> |NZVC<1>        |   13.723|
PC_to_ALU_A<6> |NZVC<2>        |   13.492|
PC_to_ALU_A<6> |NZVC<3>        |   13.273|
PC_to_ALU_A<7> |ALU_S<7>       |    8.450|
PC_to_ALU_A<7> |ALU_S<8>       |    8.270|
PC_to_ALU_A<7> |ALU_S<9>       |    8.395|
PC_to_ALU_A<7> |ALU_S<10>      |    9.035|
PC_to_ALU_A<7> |ALU_S<11>      |    9.536|
PC_to_ALU_A<7> |ALU_S<12>      |   10.131|
PC_to_ALU_A<7> |ALU_S<13>      |   10.496|
PC_to_ALU_A<7> |ALU_S<14>      |   11.636|
PC_to_ALU_A<7> |ALU_S<15>      |   12.147|
PC_to_ALU_A<7> |NZVC<0>        |   12.106|
PC_to_ALU_A<7> |NZVC<1>        |   12.474|
PC_to_ALU_A<7> |NZVC<2>        |   12.243|
PC_to_ALU_A<7> |NZVC<3>        |   12.024|
PC_to_ALU_A<8> |ALU_S<8>       |    7.448|
PC_to_ALU_A<8> |ALU_S<9>       |    8.169|
PC_to_ALU_A<8> |ALU_S<10>      |    8.809|
PC_to_ALU_A<8> |ALU_S<11>      |    9.310|
PC_to_ALU_A<8> |ALU_S<12>      |    9.905|
PC_to_ALU_A<8> |ALU_S<13>      |   10.270|
PC_to_ALU_A<8> |ALU_S<14>      |   11.410|
PC_to_ALU_A<8> |ALU_S<15>      |   11.921|
PC_to_ALU_A<8> |NZVC<0>        |   11.880|
PC_to_ALU_A<8> |NZVC<1>        |   12.248|
PC_to_ALU_A<8> |NZVC<2>        |   12.017|
PC_to_ALU_A<8> |NZVC<3>        |   11.798|
PC_to_ALU_A<9> |ALU_S<9>       |    7.682|
PC_to_ALU_A<9> |ALU_S<10>      |    8.173|
PC_to_ALU_A<9> |ALU_S<11>      |    8.674|
PC_to_ALU_A<9> |ALU_S<12>      |    9.269|
PC_to_ALU_A<9> |ALU_S<13>      |    9.634|
PC_to_ALU_A<9> |ALU_S<14>      |   10.774|
PC_to_ALU_A<9> |ALU_S<15>      |   11.285|
PC_to_ALU_A<9> |NZVC<0>        |   11.244|
PC_to_ALU_A<9> |NZVC<1>        |   11.612|
PC_to_ALU_A<9> |NZVC<2>        |   11.381|
PC_to_ALU_A<9> |NZVC<3>        |   11.162|
PC_to_ALU_A<10>|ALU_S<10>      |    7.505|
PC_to_ALU_A<10>|ALU_S<11>      |    8.122|
PC_to_ALU_A<10>|ALU_S<12>      |    8.717|
PC_to_ALU_A<10>|ALU_S<13>      |    9.082|
PC_to_ALU_A<10>|ALU_S<14>      |   10.222|
PC_to_ALU_A<10>|ALU_S<15>      |   10.733|
PC_to_ALU_A<10>|NZVC<0>        |   10.692|
PC_to_ALU_A<10>|NZVC<1>        |   11.060|
PC_to_ALU_A<10>|NZVC<2>        |   10.829|
PC_to_ALU_A<10>|NZVC<3>        |   10.610|
PC_to_ALU_A<11>|ALU_S<11>      |    7.976|
PC_to_ALU_A<11>|ALU_S<12>      |    8.106|
PC_to_ALU_A<11>|ALU_S<13>      |    8.471|
PC_to_ALU_A<11>|ALU_S<14>      |    9.611|
PC_to_ALU_A<11>|ALU_S<15>      |   10.122|
PC_to_ALU_A<11>|NZVC<0>        |   10.081|
PC_to_ALU_A<11>|NZVC<1>        |   10.449|
PC_to_ALU_A<11>|NZVC<2>        |   10.218|
PC_to_ALU_A<11>|NZVC<3>        |    9.999|
PC_to_ALU_A<12>|ALU_S<12>      |    7.797|
PC_to_ALU_A<12>|ALU_S<13>      |    8.029|
PC_to_ALU_A<12>|ALU_S<14>      |    9.169|
PC_to_ALU_A<12>|ALU_S<15>      |    9.680|
PC_to_ALU_A<12>|NZVC<0>        |    9.639|
PC_to_ALU_A<12>|NZVC<1>        |   10.007|
PC_to_ALU_A<12>|NZVC<2>        |    9.776|
PC_to_ALU_A<12>|NZVC<3>        |    9.557|
PC_to_ALU_A<13>|ALU_S<13>      |    7.874|
PC_to_ALU_A<13>|ALU_S<14>      |    8.890|
PC_to_ALU_A<13>|ALU_S<15>      |    9.401|
PC_to_ALU_A<13>|NZVC<0>        |    9.360|
PC_to_ALU_A<13>|NZVC<1>        |    9.728|
PC_to_ALU_A<13>|NZVC<2>        |    9.497|
PC_to_ALU_A<13>|NZVC<3>        |    9.278|
PC_to_ALU_A<14>|ALU_S<14>      |    7.685|
PC_to_ALU_A<14>|ALU_S<15>      |    8.339|
PC_to_ALU_A<14>|NZVC<0>        |    8.298|
PC_to_ALU_A<14>|NZVC<1>        |    8.666|
PC_to_ALU_A<14>|NZVC<2>        |    8.435|
PC_to_ALU_A<14>|NZVC<3>        |    8.216|
PC_to_ALU_A<15>|ALU_S<15>      |    8.065|
PC_to_ALU_A<15>|NZVC<0>        |    7.991|
PC_to_ALU_A<15>|NZVC<1>        |    8.392|
PC_to_ALU_A<15>|NZVC<2>        |    8.161|
PC_to_ALU_A<15>|NZVC<3>        |    7.942|
---------------+---------------+---------+


Analysis completed Tue Mar 25 05:44:55 2025 
--------------------------------------------------------------------------------

Trace Settings:
-------------------------
Trace Settings 

Peak Memory Usage: 592 MB



