--------------------------------------------------------------------------------
Release 14.7 Trace  (lin64)
Copyright (c) 1995-2013 Xilinx, Inc.  All rights reserved.

/opt/Xilinx/14.7/ISE_DS/ISE/bin/lin64/unwrapped/trce -intstyle ise -v 3 -s 1 -n
3 -fastpaths -xml Eight_Reg_16bits.twx Eight_Reg_16bits.ncd -o
Eight_Reg_16bits.twr Eight_Reg_16bits.pcf

Design file:              Eight_Reg_16bits.ncd
Physical constraint file: Eight_Reg_16bits.pcf
Device,package,speed:     xc6vlx75t,ff484,C,-1 (PRODUCTION 1.17 2013-10-13)
Report level:             verbose report

Environment Variable      Effect 
--------------------      ------ 
NONE                      No environment variables were set
--------------------------------------------------------------------------------

INFO:Timing:2698 - No timing constraints found, doing default enumeration.
INFO:Timing:3412 - To improve timing, see the Timing Closure User Guide (UG612).
INFO:Timing:2752 - To get complete path coverage, use the unconstrained paths 
   option. All paths that are not constrained will be reported in the 
   unconstrained paths section(s) of the report.
INFO:Timing:3339 - The clock-to-out numbers in this timing report are based on 
   a 50 Ohm transmission line loading model.  For the details of this model, 
   and for more information on accounting for different loading conditions, 
   please see the device datasheet.



Data Sheet report:
-----------------
All values displayed in nanoseconds (ns)

Setup/Hold to clock clk
--------------+------------+------------+------------+------------+------------------+--------+
              |Max Setup to|  Process   |Max Hold to |  Process   |                  | Clock  |
Source        | clk (edge) |   Corner   | clk (edge) |   Corner   |Internal Clock(s) | Phase  |
--------------+------------+------------+------------+------------+------------------+--------+
Write_addr<0> |    1.133(R)|      SLOW  |    0.632(R)|      SLOW  |clk_BUFGP         |   0.000|
Write_addr<1> |    1.697(R)|      SLOW  |    0.297(R)|      SLOW  |clk_BUFGP         |   0.000|
Write_addr<2> |    1.444(R)|      SLOW  |    0.478(R)|      SLOW  |clk_BUFGP         |   0.000|
Write_data<0> |    0.140(R)|      FAST  |    1.393(R)|      SLOW  |clk_BUFGP         |   0.000|
Write_data<1> |    0.014(R)|      FAST  |    1.471(R)|      SLOW  |clk_BUFGP         |   0.000|
Write_data<2> |    0.074(R)|      FAST  |    1.465(R)|      SLOW  |clk_BUFGP         |   0.000|
Write_data<3> |    0.072(R)|      FAST  |    1.562(R)|      SLOW  |clk_BUFGP         |   0.000|
Write_data<4> |    0.313(R)|      FAST  |    1.166(R)|      SLOW  |clk_BUFGP         |   0.000|
Write_data<5> |    0.326(R)|      FAST  |    1.064(R)|      SLOW  |clk_BUFGP         |   0.000|
Write_data<6> |    0.052(R)|      FAST  |    1.439(R)|      SLOW  |clk_BUFGP         |   0.000|
Write_data<7> |    0.118(R)|      FAST  |    1.209(R)|      SLOW  |clk_BUFGP         |   0.000|
Write_data<8> |    0.074(R)|      FAST  |    1.365(R)|      SLOW  |clk_BUFGP         |   0.000|
Write_data<9> |    0.299(R)|      FAST  |    1.212(R)|      SLOW  |clk_BUFGP         |   0.000|
Write_data<10>|    0.045(R)|      FAST  |    1.289(R)|      SLOW  |clk_BUFGP         |   0.000|
Write_data<11>|    0.324(R)|      FAST  |    1.197(R)|      SLOW  |clk_BUFGP         |   0.000|
Write_data<12>|    0.126(R)|      FAST  |    1.305(R)|      SLOW  |clk_BUFGP         |   0.000|
Write_data<13>|    0.169(R)|      FAST  |    1.208(R)|      SLOW  |clk_BUFGP         |   0.000|
Write_data<14>|    0.002(R)|      FAST  |    1.468(R)|      SLOW  |clk_BUFGP         |   0.000|
Write_data<15>|   -0.023(R)|      FAST  |    1.461(R)|      SLOW  |clk_BUFGP         |   0.000|
Write_enable  |    1.240(R)|      SLOW  |    0.578(R)|      SLOW  |clk_BUFGP         |   0.000|
--------------+------------+------------+------------+------------+------------------+--------+

Clock clk to Pad
--------------+-----------------+------------+-----------------+------------+------------------+--------+
              |Max (slowest) clk|  Process   |Min (fastest) clk|  Process   |                  | Clock  |
Destination   |  (edge) to PAD  |   Corner   |  (edge) to PAD  |   Corner   |Internal Clock(s) | Phase  |
--------------+-----------------+------------+-----------------+------------+------------------+--------+
ReadA_data<0> |         8.321(R)|      SLOW  |         3.369(R)|      FAST  |clk_BUFGP         |   0.000|
ReadA_data<1> |         8.611(R)|      SLOW  |         3.408(R)|      FAST  |clk_BUFGP         |   0.000|
ReadA_data<2> |         8.979(R)|      SLOW  |         3.385(R)|      FAST  |clk_BUFGP         |   0.000|
ReadA_data<3> |         8.712(R)|      SLOW  |         3.321(R)|      FAST  |clk_BUFGP         |   0.000|
ReadA_data<4> |         8.781(R)|      SLOW  |         3.348(R)|      FAST  |clk_BUFGP         |   0.000|
ReadA_data<5> |         8.619(R)|      SLOW  |         3.368(R)|      FAST  |clk_BUFGP         |   0.000|
ReadA_data<6> |         8.516(R)|      SLOW  |         3.363(R)|      FAST  |clk_BUFGP         |   0.000|
ReadA_data<7> |         8.579(R)|      SLOW  |         3.342(R)|      FAST  |clk_BUFGP         |   0.000|
ReadA_data<8> |         9.013(R)|      SLOW  |         3.469(R)|      FAST  |clk_BUFGP         |   0.000|
ReadA_data<9> |         8.824(R)|      SLOW  |         3.650(R)|      FAST  |clk_BUFGP         |   0.000|
ReadA_data<10>|         9.270(R)|      SLOW  |         3.538(R)|      FAST  |clk_BUFGP         |   0.000|
ReadA_data<11>|         8.665(R)|      SLOW  |         3.452(R)|      FAST  |clk_BUFGP         |   0.000|
ReadA_data<12>|         8.733(R)|      SLOW  |         3.476(R)|      FAST  |clk_BUFGP         |   0.000|
ReadA_data<13>|         8.640(R)|      SLOW  |         3.403(R)|      FAST  |clk_BUFGP         |   0.000|
ReadA_data<14>|         8.841(R)|      SLOW  |         3.398(R)|      FAST  |clk_BUFGP         |   0.000|
ReadA_data<15>|         8.816(R)|      SLOW  |         3.500(R)|      FAST  |clk_BUFGP         |   0.000|
ReadB_data<0> |         9.103(R)|      SLOW  |         3.552(R)|      FAST  |clk_BUFGP         |   0.000|
ReadB_data<1> |         8.962(R)|      SLOW  |         3.365(R)|      FAST  |clk_BUFGP         |   0.000|
ReadB_data<2> |         8.596(R)|      SLOW  |         3.386(R)|      FAST  |clk_BUFGP         |   0.000|
ReadB_data<3> |         9.206(R)|      SLOW  |         3.461(R)|      FAST  |clk_BUFGP         |   0.000|
ReadB_data<4> |         9.085(R)|      SLOW  |         3.640(R)|      FAST  |clk_BUFGP         |   0.000|
ReadB_data<5> |         8.835(R)|      SLOW  |         3.478(R)|      FAST  |clk_BUFGP         |   0.000|
ReadB_data<6> |         8.640(R)|      SLOW  |         3.443(R)|      FAST  |clk_BUFGP         |   0.000|
ReadB_data<7> |         9.132(R)|      SLOW  |         3.533(R)|      FAST  |clk_BUFGP         |   0.000|
ReadB_data<8> |         9.019(R)|      SLOW  |         3.590(R)|      FAST  |clk_BUFGP         |   0.000|
ReadB_data<9> |         9.647(R)|      SLOW  |         3.583(R)|      FAST  |clk_BUFGP         |   0.000|
ReadB_data<10>|         8.772(R)|      SLOW  |         3.350(R)|      FAST  |clk_BUFGP         |   0.000|
ReadB_data<11>|         8.826(R)|      SLOW  |         3.484(R)|      FAST  |clk_BUFGP         |   0.000|
ReadB_data<12>|         8.656(R)|      SLOW  |         3.565(R)|      FAST  |clk_BUFGP         |   0.000|
ReadB_data<13>|         8.978(R)|      SLOW  |         3.544(R)|      FAST  |clk_BUFGP         |   0.000|
ReadB_data<14>|         9.649(R)|      SLOW  |         3.703(R)|      FAST  |clk_BUFGP         |   0.000|
ReadB_data<15>|         9.141(R)|      SLOW  |         3.597(R)|      FAST  |clk_BUFGP         |   0.000|
--------------+-----------------+------------+-----------------+------------+------------------+--------+

Pad to Pad
---------------+---------------+---------+
Source Pad     |Destination Pad|  Delay  |
---------------+---------------+---------+
ReadA_addr<0>  |ReadA_data<0>  |    9.805|
ReadA_addr<0>  |ReadA_data<1>  |    9.172|
ReadA_addr<0>  |ReadA_data<2>  |    9.767|
ReadA_addr<0>  |ReadA_data<3>  |    9.755|
ReadA_addr<0>  |ReadA_data<4>  |    9.037|
ReadA_addr<0>  |ReadA_data<5>  |    8.611|
ReadA_addr<0>  |ReadA_data<6>  |    8.395|
ReadA_addr<0>  |ReadA_data<7>  |    8.911|
ReadA_addr<0>  |ReadA_data<8>  |    7.934|
ReadA_addr<0>  |ReadA_data<9>  |    8.417|
ReadA_addr<0>  |ReadA_data<10> |    8.586|
ReadA_addr<0>  |ReadA_data<11> |    8.846|
ReadA_addr<0>  |ReadA_data<12> |    7.122|
ReadA_addr<0>  |ReadA_data<13> |    7.031|
ReadA_addr<0>  |ReadA_data<14> |    7.111|
ReadA_addr<0>  |ReadA_data<15> |    7.125|
ReadA_addr<1>  |ReadA_data<0>  |   10.419|
ReadA_addr<1>  |ReadA_data<1>  |   10.019|
ReadA_addr<1>  |ReadA_data<2>  |   10.386|
ReadA_addr<1>  |ReadA_data<3>  |   10.657|
ReadA_addr<1>  |ReadA_data<4>  |    9.499|
ReadA_addr<1>  |ReadA_data<5>  |    9.096|
ReadA_addr<1>  |ReadA_data<6>  |    8.987|
ReadA_addr<1>  |ReadA_data<7>  |    9.105|
ReadA_addr<1>  |ReadA_data<8>  |    8.392|
ReadA_addr<1>  |ReadA_data<9>  |    8.864|
ReadA_addr<1>  |ReadA_data<10> |    9.142|
ReadA_addr<1>  |ReadA_data<11> |    9.044|
ReadA_addr<1>  |ReadA_data<12> |    7.654|
ReadA_addr<1>  |ReadA_data<13> |    7.565|
ReadA_addr<1>  |ReadA_data<14> |    6.725|
ReadA_addr<1>  |ReadA_data<15> |    7.224|
ReadA_addr<2>  |ReadA_data<0>  |    9.660|
ReadA_addr<2>  |ReadA_data<1>  |    9.595|
ReadA_addr<2>  |ReadA_data<2>  |   10.092|
ReadA_addr<2>  |ReadA_data<3>  |   10.234|
ReadA_addr<2>  |ReadA_data<4>  |    9.003|
ReadA_addr<2>  |ReadA_data<5>  |    8.947|
ReadA_addr<2>  |ReadA_data<6>  |    8.653|
ReadA_addr<2>  |ReadA_data<7>  |    9.097|
ReadA_addr<2>  |ReadA_data<8>  |    8.029|
ReadA_addr<2>  |ReadA_data<9>  |    8.485|
ReadA_addr<2>  |ReadA_data<10> |    8.774|
ReadA_addr<2>  |ReadA_data<11> |    8.675|
ReadA_addr<2>  |ReadA_data<12> |    7.537|
ReadA_addr<2>  |ReadA_data<13> |    7.400|
ReadA_addr<2>  |ReadA_data<14> |    6.886|
ReadA_addr<2>  |ReadA_data<15> |    6.882|
ReadB_addr<0>  |ReadB_data<0>  |    8.461|
ReadB_addr<0>  |ReadB_data<1>  |    7.939|
ReadB_addr<0>  |ReadB_data<2>  |    7.831|
ReadB_addr<0>  |ReadB_data<3>  |    8.633|
ReadB_addr<0>  |ReadB_data<4>  |    7.877|
ReadB_addr<0>  |ReadB_data<5>  |    7.652|
ReadB_addr<0>  |ReadB_data<6>  |    7.193|
ReadB_addr<0>  |ReadB_data<7>  |    7.910|
ReadB_addr<0>  |ReadB_data<8>  |    7.183|
ReadB_addr<0>  |ReadB_data<9>  |    8.206|
ReadB_addr<0>  |ReadB_data<10> |    7.405|
ReadB_addr<0>  |ReadB_data<11> |    7.152|
ReadB_addr<0>  |ReadB_data<12> |    7.613|
ReadB_addr<0>  |ReadB_data<13> |    7.960|
ReadB_addr<0>  |ReadB_data<14> |    8.373|
ReadB_addr<0>  |ReadB_data<15> |    8.272|
ReadB_addr<1>  |ReadB_data<0>  |    9.313|
ReadB_addr<1>  |ReadB_data<1>  |    8.737|
ReadB_addr<1>  |ReadB_data<2>  |    8.682|
ReadB_addr<1>  |ReadB_data<3>  |    9.205|
ReadB_addr<1>  |ReadB_data<4>  |    8.748|
ReadB_addr<1>  |ReadB_data<5>  |    8.458|
ReadB_addr<1>  |ReadB_data<6>  |    8.177|
ReadB_addr<1>  |ReadB_data<7>  |    8.202|
ReadB_addr<1>  |ReadB_data<8>  |    7.556|
ReadB_addr<1>  |ReadB_data<9>  |    8.674|
ReadB_addr<1>  |ReadB_data<10> |    7.723|
ReadB_addr<1>  |ReadB_data<11> |    7.818|
ReadB_addr<1>  |ReadB_data<12> |    7.170|
ReadB_addr<1>  |ReadB_data<13> |    7.718|
ReadB_addr<1>  |ReadB_data<14> |    8.528|
ReadB_addr<1>  |ReadB_data<15> |    7.748|
ReadB_addr<2>  |ReadB_data<0>  |    8.477|
ReadB_addr<2>  |ReadB_data<1>  |    8.222|
ReadB_addr<2>  |ReadB_data<2>  |    8.218|
ReadB_addr<2>  |ReadB_data<3>  |    8.637|
ReadB_addr<2>  |ReadB_data<4>  |    7.781|
ReadB_addr<2>  |ReadB_data<5>  |    7.981|
ReadB_addr<2>  |ReadB_data<6>  |    7.432|
ReadB_addr<2>  |ReadB_data<7>  |    8.017|
ReadB_addr<2>  |ReadB_data<8>  |    7.948|
ReadB_addr<2>  |ReadB_data<9>  |    8.361|
ReadB_addr<2>  |ReadB_data<10> |    7.862|
ReadB_addr<2>  |ReadB_data<11> |    7.373|
ReadB_addr<2>  |ReadB_data<12> |    7.995|
ReadB_addr<2>  |ReadB_data<13> |    8.455|
ReadB_addr<2>  |ReadB_data<14> |    9.223|
ReadB_addr<2>  |ReadB_data<15> |    8.742|
---------------+---------------+---------+


Analysis completed Sat Mar 22 07:38:52 2025 
--------------------------------------------------------------------------------

Trace Settings:
-------------------------
Trace Settings 

Peak Memory Usage: 590 MB



