Release 14.7 Map P.20131013 (lin64)
Xilinx Mapping Report File for Design 'Eight_Reg_16bits'

Design Information
------------------
Command Line   : map -intstyle ise -p xc6vlx75t-ff484-1 -w -logic_opt off -ol
high -t 1 -xt 0 -register_duplication off -r 4 -global_opt off -mt off -ir off
-pr off -lc off -power off -o Eight_Reg_16bits_map.ncd Eight_Reg_16bits.ngd
Eight_Reg_16bits.pcf 
Target Device  : xc6vlx75t
Target Package : ff484
Target Speed   : -1
Mapper Version : virtex6 -- $Revision: 1.55 $
Mapped Date    : Sat Mar 22 07:38:20 2025

Design Summary
--------------
Number of errors:      0
Number of warnings:    0
Slice Logic Utilization:
  Number of Slice Registers:                   128 out of  93,120    1%
    Number used as Flip Flops:                 128
    Number used as Latches:                      0
    Number used as Latch-thrus:                  0
    Number used as AND/OR logics:                0
  Number of Slice LUTs:                        232 out of  46,560    1%
    Number used as logic:                      232 out of  46,560    1%
      Number using O6 output only:             232
      Number using O5 output only:               0
      Number using O5 and O6:                    0
      Number used as ROM:                        0
    Number used as Memory:                       0 out of  16,720    0%
    Number used exclusively as route-thrus:      0

Slice Logic Distribution:
  Number of occupied Slices:                   125 out of  11,640    1%
  Number of LUT Flip Flop pairs used:          288
    Number with an unused Flip Flop:           160 out of     288   55%
    Number with an unused LUT:                  56 out of     288   19%
    Number of fully used LUT-FF pairs:          72 out of     288   25%
    Number of unique control sets:               8
    Number of slice register sites lost
      to control set restrictions:               0 out of  93,120    0%

  A LUT Flip Flop pair for this architecture represents one LUT paired with
  one Flip Flop within a slice.  A control set is a unique combination of
  clock, reset, set, and enable signals for a registered element.
  The Slice Logic Distribution report is not meaningful if the design is
  over-mapped for a non-slice resource or if Placement fails.
  OVERMAPPING of BRAM resources should be ignored if the design is
  over-mapped for a non-BRAM resource or if placement fails.

IO Utilization:
  Number of bonded IOBs:                        59 out of     240   24%

Specific Feature Utilization:
  Number of RAMB36E1/FIFO36E1s:                  0 out of     156    0%
  Number of RAMB18E1/FIFO18E1s:                  0 out of     312    0%
  Number of BUFG/BUFGCTRLs:                      1 out of      32    3%
    Number used as BUFGs:                        1
    Number used as BUFGCTRLs:                    0
  Number of ILOGICE1/ISERDESE1s:                 0 out of     360    0%
  Number of OLOGICE1/OSERDESE1s:                 0 out of     360    0%
  Number of BSCANs:                              0 out of       4    0%
  Number of BUFHCEs:                             0 out of      72    0%
  Number of BUFIODQSs:                           0 out of      36    0%
  Number of BUFRs:                               0 out of      18    0%
  Number of CAPTUREs:                            0 out of       1    0%
  Number of DSP48E1s:                            0 out of     288    0%
  Number of EFUSE_USRs:                          0 out of       1    0%
  Number of FRAME_ECCs:                          0 out of       1    0%
  Number of GTXE1s:                              0 out of       8    0%
  Number of IBUFDS_GTXE1s:                       0 out of       6    0%
  Number of ICAPs:                               0 out of       2    0%
  Number of IDELAYCTRLs:                         0 out of       9    0%
  Number of IODELAYE1s:                          0 out of     360    0%
  Number of MMCM_ADVs:                           0 out of       6    0%
  Number of PCIE_2_0s:                           0 out of       1    0%
  Number of STARTUPs:                            1 out of       1  100%
  Number of SYSMONs:                             0 out of       1    0%
  Number of TEMAC_SINGLEs:                       0 out of       4    0%

Average Fanout of Non-Clock Nets:                3.51

Peak Memory Usage:  1017 MB
Total REAL time to MAP completion:  9 secs 
Total CPU time to MAP completion:   8 secs 

Table of Contents
-----------------
Section 1 - Errors
Section 2 - Warnings
Section 3 - Informational
Section 4 - Removed Logic Summary
Section 5 - Removed Logic
Section 6 - IOB Properties
Section 7 - RPMs
Section 8 - Guide Report
Section 9 - Area Group and Partition Summary
Section 10 - Timing Report
Section 11 - Configuration String Information
Section 12 - Control Set Information
Section 13 - Utilization by Hierarchy

Section 1 - Errors
------------------

Section 2 - Warnings
--------------------
WARNING:Security:42 - Your software subscription period has lapsed. Your current
version of Xilinx tools will continue to function, but you no longer qualify for
Xilinx software updates or new releases.

Section 3 - Informational
-------------------------
INFO:Security:54 - 'xc6vlx75t' is a WebPack part.
INFO:MapLib:562 - No environment variables are currently set.
INFO:LIT:244 - All of the single ended outputs in this design are using slew
   rate limited output drivers. The delay on speed critical single ended outputs
   can be dramatically reduced by designating them as fast outputs.
INFO:Pack:1716 - Initializing temperature to 85.000 Celsius. (default - Range:
   0.000 to 85.000 Celsius)
INFO:Pack:1720 - Initializing voltage to 0.950 Volts. (default - Range: 0.950 to
   1.050 Volts)
INFO:Map:215 - The Interim Design Summary has been generated in the MAP Report
   (.mrp).
INFO:Pack:1650 - Map created a placed design.

Section 4 - Removed Logic Summary
---------------------------------

Section 5 - Removed Logic
-------------------------

To enable printing of redundant blocks removed and signals merged, set the
detailed map report option and rerun map.

Section 6 - IOB Properties
--------------------------

+---------------------------------------------------------------------------------------------------------------------------------------------------------+
| IOB Name                           | Type             | Direction | IO Standard          | Diff  | Drive    | Slew | Reg (s)      | Resistor | IOB      |
|                                    |                  |           |                      | Term  | Strength | Rate |              |          | Delay    |
+---------------------------------------------------------------------------------------------------------------------------------------------------------+
| ReadA_addr<0>                      | IOB              | INPUT     | LVCMOS25             |       |          |      |              |          |          |
| ReadA_addr<1>                      | IOB              | INPUT     | LVCMOS25             |       |          |      |              |          |          |
| ReadA_addr<2>                      | IOB              | INPUT     | LVCMOS25             |       |          |      |              |          |          |
| ReadA_data<0>                      | IOB              | OUTPUT    | LVCMOS25             |       | 12       | SLOW |              |          |          |
| ReadA_data<1>                      | IOB              | OUTPUT    | LVCMOS25             |       | 12       | SLOW |              |          |          |
| ReadA_data<2>                      | IOB              | OUTPUT    | LVCMOS25             |       | 12       | SLOW |              |          |          |
| ReadA_data<3>                      | IOB              | OUTPUT    | LVCMOS25             |       | 12       | SLOW |              |          |          |
| ReadA_data<4>                      | IOB              | OUTPUT    | LVCMOS25             |       | 12       | SLOW |              |          |          |
| ReadA_data<5>                      | IOB              | OUTPUT    | LVCMOS25             |       | 12       | SLOW |              |          |          |
| ReadA_data<6>                      | IOB              | OUTPUT    | LVCMOS25             |       | 12       | SLOW |              |          |          |
| ReadA_data<7>                      | IOB              | OUTPUT    | LVCMOS25             |       | 12       | SLOW |              |          |          |
| ReadA_data<8>                      | IOB              | OUTPUT    | LVCMOS25             |       | 12       | SLOW |              |          |          |
| ReadA_data<9>                      | IOB              | OUTPUT    | LVCMOS25             |       | 12       | SLOW |              |          |          |
| ReadA_data<10>                     | IOB              | OUTPUT    | LVCMOS25             |       | 12       | SLOW |              |          |          |
| ReadA_data<11>                     | IOB              | OUTPUT    | LVCMOS25             |       | 12       | SLOW |              |          |          |
| ReadA_data<12>                     | IOB              | OUTPUT    | LVCMOS25             |       | 12       | SLOW |              |          |          |
| ReadA_data<13>                     | IOB              | OUTPUT    | LVCMOS25             |       | 12       | SLOW |              |          |          |
| ReadA_data<14>                     | IOB              | OUTPUT    | LVCMOS25             |       | 12       | SLOW |              |          |          |
| ReadA_data<15>                     | IOB              | OUTPUT    | LVCMOS25             |       | 12       | SLOW |              |          |          |
| ReadB_addr<0>                      | IOB              | INPUT     | LVCMOS25             |       |          |      |              |          |          |
| ReadB_addr<1>                      | IOB              | INPUT     | LVCMOS25             |       |          |      |              |          |          |
| ReadB_addr<2>                      | IOB              | INPUT     | LVCMOS25             |       |          |      |              |          |          |
| ReadB_data<0>                      | IOB              | OUTPUT    | LVCMOS25             |       | 12       | SLOW |              |          |          |
| ReadB_data<1>                      | IOB              | OUTPUT    | LVCMOS25             |       | 12       | SLOW |              |          |          |
| ReadB_data<2>                      | IOB              | OUTPUT    | LVCMOS25             |       | 12       | SLOW |              |          |          |
| ReadB_data<3>                      | IOB              | OUTPUT    | LVCMOS25             |       | 12       | SLOW |              |          |          |
| ReadB_data<4>                      | IOB              | OUTPUT    | LVCMOS25             |       | 12       | SLOW |              |          |          |
| ReadB_data<5>                      | IOB              | OUTPUT    | LVCMOS25             |       | 12       | SLOW |              |          |          |
| ReadB_data<6>                      | IOB              | OUTPUT    | LVCMOS25             |       | 12       | SLOW |              |          |          |
| ReadB_data<7>                      | IOB              | OUTPUT    | LVCMOS25             |       | 12       | SLOW |              |          |          |
| ReadB_data<8>                      | IOB              | OUTPUT    | LVCMOS25             |       | 12       | SLOW |              |          |          |
| ReadB_data<9>                      | IOB              | OUTPUT    | LVCMOS25             |       | 12       | SLOW |              |          |          |
| ReadB_data<10>                     | IOB              | OUTPUT    | LVCMOS25             |       | 12       | SLOW |              |          |          |
| ReadB_data<11>                     | IOB              | OUTPUT    | LVCMOS25             |       | 12       | SLOW |              |          |          |
| ReadB_data<12>                     | IOB              | OUTPUT    | LVCMOS25             |       | 12       | SLOW |              |          |          |
| ReadB_data<13>                     | IOB              | OUTPUT    | LVCMOS25             |       | 12       | SLOW |              |          |          |
| ReadB_data<14>                     | IOB              | OUTPUT    | LVCMOS25             |       | 12       | SLOW |              |          |          |
| ReadB_data<15>                     | IOB              | OUTPUT    | LVCMOS25             |       | 12       | SLOW |              |          |          |
| Write_addr<0>                      | IOB              | INPUT     | LVCMOS25             |       |          |      |              |          |          |
| Write_addr<1>                      | IOB              | INPUT     | LVCMOS25             |       |          |      |              |          |          |
| Write_addr<2>                      | IOB              | INPUT     | LVCMOS25             |       |          |      |              |          |          |
| Write_data<0>                      | IOB              | INPUT     | LVCMOS25             |       |          |      |              |          |          |
| Write_data<1>                      | IOB              | INPUT     | LVCMOS25             |       |          |      |              |          |          |
| Write_data<2>                      | IOB              | INPUT     | LVCMOS25             |       |          |      |              |          |          |
| Write_data<3>                      | IOB              | INPUT     | LVCMOS25             |       |          |      |              |          |          |
| Write_data<4>                      | IOB              | INPUT     | LVCMOS25             |       |          |      |              |          |          |
| Write_data<5>                      | IOB              | INPUT     | LVCMOS25             |       |          |      |              |          |          |
| Write_data<6>                      | IOB              | INPUT     | LVCMOS25             |       |          |      |              |          |          |
| Write_data<7>                      | IOB              | INPUT     | LVCMOS25             |       |          |      |              |          |          |
| Write_data<8>                      | IOB              | INPUT     | LVCMOS25             |       |          |      |              |          |          |
| Write_data<9>                      | IOB              | INPUT     | LVCMOS25             |       |          |      |              |          |          |
| Write_data<10>                     | IOB              | INPUT     | LVCMOS25             |       |          |      |              |          |          |
| Write_data<11>                     | IOB              | INPUT     | LVCMOS25             |       |          |      |              |          |          |
| Write_data<12>                     | IOB              | INPUT     | LVCMOS25             |       |          |      |              |          |          |
| Write_data<13>                     | IOB              | INPUT     | LVCMOS25             |       |          |      |              |          |          |
| Write_data<14>                     | IOB              | INPUT     | LVCMOS25             |       |          |      |              |          |          |
| Write_data<15>                     | IOB              | INPUT     | LVCMOS25             |       |          |      |              |          |          |
| Write_enable                       | IOB              | INPUT     | LVCMOS25             |       |          |      |              |          |          |
| clk                                | IOB              | INPUT     | LVCMOS25             |       |          |      |              |          |          |
+---------------------------------------------------------------------------------------------------------------------------------------------------------+

Section 7 - RPMs
----------------

Section 8 - Guide Report
------------------------
Guide not run on this design.

Section 9 - Area Group and Partition Summary
--------------------------------------------

Partition Implementation Status
-------------------------------

  No Partitions were found in this design.

-------------------------------

Area Group Information
----------------------

  No area groups were found in this design.

----------------------

Section 10 - Timing Report
--------------------------
A logic-level (pre-route) timing report can be generated by using Xilinx static
timing analysis tools, Timing Analyzer (GUI) or TRCE (command line), with the
mapped NCD and PCF files. Please note that this timing report will be generated
using estimated delay information. For accurate numbers, please generate a
timing report with the post Place and Route NCD file.

For more information about the Timing Analyzer, consult the Xilinx Timing
Analyzer Reference Manual; for more information about TRCE, consult the Xilinx
Command Line Tools User Guide "TRACE" chapter.

Section 11 - Configuration String Details
-----------------------------------------
Use the "-detail" map option to print out Configuration Strings

Section 12 - Control Set Information
------------------------------------
Use the "-detail" map option to print out Control Set Information.

Section 13 - Utilization by Hierarchy
-------------------------------------
Use the "-detail" map option to print out the Utilization by Hierarchy section.
